#! /c/Source/iverilog-install/bin/vvp
:ivl_version "12.0 (devel)" "(s20150603-1110-g18392a46)";
:ivl_delay_selection "TYPICAL";
:vpi_time_precision - 7;
:vpi_module "C:\iverilog\lib\ivl\system.vpi";
:vpi_module "C:\iverilog\lib\ivl\vhdl_sys.vpi";
:vpi_module "C:\iverilog\lib\ivl\vhdl_textio.vpi";
:vpi_module "C:\iverilog\lib\ivl\v2005_math.vpi";
:vpi_module "C:\iverilog\lib\ivl\va_math.vpi";
S_000001f21a62ae30 .scope module, "ALU_tb" "ALU_tb" 2 10;
 .timescale -6 -7;
v000001f21a674a10_0 .var "A", 31 0;
v000001f21a674ab0_0 .var "B", 31 0;
v000001f21a674b50_0 .net "C", 0 0, v000001f21a683330_0;  1 drivers
v000001f21a674bf0_0 .net "O", 0 0, v000001f21a642910_0;  1 drivers
v000001f21a674c90_0 .net "R", 31 0, v000001f21a674970_0;  1 drivers
v000001f21a674d30_0 .net "S", 0 0, v000001f21a6833d0_0;  1 drivers
v000001f21a674dd0_0 .net "Z", 0 0, v000001f21a683470_0;  1 drivers
v000001f21a674e70_0 .var "op", 4 0;
S_000001f21a6831a0 .scope module, "alu" "ALU" 2 54, 3 12 0, S_000001f21a62ae30;
 .timescale 0 0;
    .port_info 0 /OUTPUT 32 "resultado";
    .port_info 1 /OUTPUT 1 "C";
    .port_info 2 /OUTPUT 1 "S";
    .port_info 3 /OUTPUT 1 "O";
    .port_info 4 /OUTPUT 1 "Z";
    .port_info 5 /INPUT 32 "operando_a";
    .port_info 6 /INPUT 32 "operando_b";
    .port_info 7 /INPUT 5 "opcode";
P_000001f21a6932b0 .param/l "BITS_DATA" 0 3 13, +C4<00000000000000000000000000100000>;
v000001f21a683330_0 .var "C", 0 0;
v000001f21a642910_0 .var "O", 0 0;
v000001f21a6833d0_0 .var "S", 0 0;
v000001f21a683470_0 .var "Z", 0 0;
v000001f21a683510_0 .net "opcode", 4 0, v000001f21a674e70_0;  1 drivers
v000001f21a6835b0_0 .net "operando_a", 31 0, v000001f21a674a10_0;  1 drivers
v000001f21a6748d0_0 .net "operando_b", 31 0, v000001f21a674ab0_0;  1 drivers
v000001f21a674970_0 .var "resultado", 31 0;
E_000001f21a6936b0 .event anyedge, v000001f21a683510_0, v000001f21a6835b0_0, v000001f21a674970_0, v000001f21a6748d0_0;
    .scope S_000001f21a6831a0;
T_0 ;
    %wait E_000001f21a6936b0;
    %load/vec4 v000001f21a683510_0;
    %dup/vec4;
    %pushi/vec4 16, 0, 5;
    %cmp/u;
    %jmp/1 T_0.0, 6;
    %dup/vec4;
    %pushi/vec4 17, 0, 5;
    %cmp/u;
    %jmp/1 T_0.1, 6;
    %dup/vec4;
    %pushi/vec4 18, 0, 5;
    %cmp/u;
    %jmp/1 T_0.2, 6;
    %dup/vec4;
    %pushi/vec4 20, 0, 5;
    %cmp/u;
    %jmp/1 T_0.3, 6;
    %dup/vec4;
    %pushi/vec4 21, 0, 5;
    %cmp/u;
    %jmp/1 T_0.4, 6;
    %dup/vec4;
    %pushi/vec4 22, 0, 5;
    %cmp/u;
    %jmp/1 T_0.5, 6;
    %dup/vec4;
    %pushi/vec4 23, 0, 5;
    %cmp/u;
    %jmp/1 T_0.6, 6;
    %dup/vec4;
    %pushi/vec4 1, 0, 5;
    %cmp/u;
    %jmp/1 T_0.7, 6;
    %dup/vec4;
    %pushi/vec4 2, 0, 5;
    %cmp/u;
    %jmp/1 T_0.8, 6;
    %dup/vec4;
    %pushi/vec4 30, 0, 5;
    %cmp/u;
    %jmp/1 T_0.9, 6;
    %dup/vec4;
    %pushi/vec4 26, 0, 5;
    %cmp/u;
    %jmp/1 T_0.10, 6;
    %pushi/vec4 4294967295, 4294967295, 32;
    %store/vec4 v000001f21a674970_0, 0, 32;
    %pushi/vec4 1, 1, 1;
    %store/vec4 v000001f21a683330_0, 0, 1;
    %pushi/vec4 1, 1, 1;
    %store/vec4 v000001f21a6833d0_0, 0, 1;
    %pushi/vec4 1, 1, 1;
    %store/vec4 v000001f21a642910_0, 0, 1;
    %pushi/vec4 1, 1, 1;
    %store/vec4 v000001f21a683470_0, 0, 1;
    %jmp T_0.12;
T_0.0 ;
    %load/vec4 v000001f21a6835b0_0;
    %inv;
    %store/vec4 v000001f21a674970_0, 0, 32;
    %pushi/vec4 0, 0, 1;
    %store/vec4 v000001f21a683330_0, 0, 1;
    %load/vec4 v000001f21a674970_0;
    %parti/s 1, 31, 6;
    %store/vec4 v000001f21a6833d0_0, 0, 1;
    %pushi/vec4 0, 0, 1;
    %store/vec4 v000001f21a642910_0, 0, 1;
    %load/vec4 v000001f21a674970_0;
    %or/r;
    %inv;
    %store/vec4 v000001f21a683470_0, 0, 1;
    %jmp T_0.12;
T_0.1 ;
    %load/vec4 v000001f21a6835b0_0;
    %load/vec4 v000001f21a6748d0_0;
    %and;
    %store/vec4 v000001f21a674970_0, 0, 32;
    %pushi/vec4 0, 0, 1;
    %store/vec4 v000001f21a683330_0, 0, 1;
    %load/vec4 v000001f21a674970_0;
    %parti/s 1, 31, 6;
    %store/vec4 v000001f21a6833d0_0, 0, 1;
    %pushi/vec4 0, 0, 1;
    %store/vec4 v000001f21a642910_0, 0, 1;
    %load/vec4 v000001f21a674970_0;
    %or/r;
    %inv;
    %store/vec4 v000001f21a683470_0, 0, 1;
    %jmp T_0.12;
T_0.2 ;
    %load/vec4 v000001f21a6835b0_0;
    %load/vec4 v000001f21a6748d0_0;
    %or;
    %store/vec4 v000001f21a674970_0, 0, 32;
    %pushi/vec4 0, 0, 1;
    %store/vec4 v000001f21a683330_0, 0, 1;
    %load/vec4 v000001f21a674970_0;
    %parti/s 1, 31, 6;
    %store/vec4 v000001f21a6833d0_0, 0, 1;
    %pushi/vec4 0, 0, 1;
    %store/vec4 v000001f21a642910_0, 0, 1;
    %load/vec4 v000001f21a674970_0;
    %or/r;
    %inv;
    %store/vec4 v000001f21a683470_0, 0, 1;
    %jmp T_0.12;
T_0.3 ;
    %load/vec4 v000001f21a6835b0_0;
    %inv;
    %pushi/vec4 1, 0, 32;
    %add;
    %store/vec4 v000001f21a674970_0, 0, 32;
    %pushi/vec4 0, 0, 1;
    %store/vec4 v000001f21a683330_0, 0, 1;
    %load/vec4 v000001f21a674970_0;
    %parti/s 1, 31, 6;
    %store/vec4 v000001f21a6833d0_0, 0, 1;
    %pushi/vec4 0, 0, 1;
    %store/vec4 v000001f21a642910_0, 0, 1;
    %load/vec4 v000001f21a674970_0;
    %or/r;
    %inv;
    %store/vec4 v000001f21a683470_0, 0, 1;
    %jmp T_0.12;
T_0.4 ;
    %load/vec4 v000001f21a6835b0_0;
    %pad/u 33;
    %load/vec4 v000001f21a6748d0_0;
    %pad/u 33;
    %add;
    %split/vec4 32;
    %store/vec4 v000001f21a674970_0, 0, 32;
    %store/vec4 v000001f21a683330_0, 0, 1;
    %load/vec4 v000001f21a674970_0;
    %parti/s 1, 31, 6;
    %store/vec4 v000001f21a6833d0_0, 0, 1;
    %load/vec4 v000001f21a6835b0_0;
    %parti/s 1, 31, 6;
    %load/vec4 v000001f21a6748d0_0;
    %parti/s 1, 31, 6;
    %cmp/e;
    %flag_get/vec4 4;
    %load/vec4 v000001f21a6835b0_0;
    %parti/s 1, 31, 6;
    %load/vec4 v000001f21a674970_0;
    %parti/s 1, 31, 6;
    %cmp/ne;
    %flag_get/vec4 4;
    %and;
    %store/vec4 v000001f21a642910_0, 0, 1;
    %load/vec4 v000001f21a674970_0;
    %or/r;
    %inv;
    %store/vec4 v000001f21a683470_0, 0, 1;
    %jmp T_0.12;
T_0.5 ;
    %load/vec4 v000001f21a6835b0_0;
    %pad/u 33;
    %inv;
    %load/vec4 v000001f21a6748d0_0;
    %pad/u 33;
    %sub;
    %split/vec4 32;
    %store/vec4 v000001f21a674970_0, 0, 32;
    %store/vec4 v000001f21a683330_0, 0, 1;
    %load/vec4 v000001f21a674970_0;
    %parti/s 1, 31, 6;
    %store/vec4 v000001f21a6833d0_0, 0, 1;
    %load/vec4 v000001f21a6835b0_0;
    %parti/s 1, 31, 6;
    %load/vec4 v000001f21a6748d0_0;
    %parti/s 1, 31, 6;
    %cmp/e;
    %flag_get/vec4 4;
    %load/vec4 v000001f21a6835b0_0;
    %parti/s 1, 31, 6;
    %load/vec4 v000001f21a674970_0;
    %parti/s 1, 31, 6;
    %cmp/ne;
    %flag_get/vec4 4;
    %and;
    %store/vec4 v000001f21a642910_0, 0, 1;
    %load/vec4 v000001f21a674970_0;
    %or/r;
    %inv;
    %store/vec4 v000001f21a683470_0, 0, 1;
    %jmp T_0.12;
T_0.6 ;
    %load/vec4 v000001f21a6835b0_0;
    %pad/u 33;
    %load/vec4 v000001f21a6748d0_0;
    %pad/u 33;
    %mul;
    %split/vec4 32;
    %store/vec4 v000001f21a674970_0, 0, 32;
    %store/vec4 v000001f21a683330_0, 0, 1;
    %load/vec4 v000001f21a674970_0;
    %parti/s 1, 31, 6;
    %store/vec4 v000001f21a6833d0_0, 0, 1;
    %load/vec4 v000001f21a6835b0_0;
    %parti/s 1, 31, 6;
    %load/vec4 v000001f21a6748d0_0;
    %parti/s 1, 31, 6;
    %cmp/e;
    %flag_get/vec4 4;
    %load/vec4 v000001f21a6835b0_0;
    %parti/s 1, 31, 6;
    %load/vec4 v000001f21a674970_0;
    %parti/s 1, 31, 6;
    %cmp/ne;
    %flag_get/vec4 4;
    %and;
    %store/vec4 v000001f21a642910_0, 0, 1;
    %load/vec4 v000001f21a674970_0;
    %or/r;
    %inv;
    %store/vec4 v000001f21a683470_0, 0, 1;
    %jmp T_0.12;
T_0.7 ;
    %load/vec4 v000001f21a6835b0_0;
    %inv;
    %store/vec4 v000001f21a674970_0, 0, 32;
    %pushi/vec4 0, 0, 1;
    %store/vec4 v000001f21a683330_0, 0, 1;
    %load/vec4 v000001f21a674970_0;
    %parti/s 1, 31, 6;
    %store/vec4 v000001f21a6833d0_0, 0, 1;
    %pushi/vec4 0, 0, 1;
    %store/vec4 v000001f21a642910_0, 0, 1;
    %load/vec4 v000001f21a674970_0;
    %or/r;
    %inv;
    %store/vec4 v000001f21a683470_0, 0, 1;
    %jmp T_0.12;
T_0.8 ;
    %load/vec4 v000001f21a6835b0_0;
    %inv;
    %store/vec4 v000001f21a674970_0, 0, 32;
    %pushi/vec4 0, 0, 1;
    %store/vec4 v000001f21a683330_0, 0, 1;
    %load/vec4 v000001f21a674970_0;
    %parti/s 1, 31, 6;
    %store/vec4 v000001f21a6833d0_0, 0, 1;
    %pushi/vec4 0, 0, 1;
    %store/vec4 v000001f21a642910_0, 0, 1;
    %load/vec4 v000001f21a674970_0;
    %or/r;
    %inv;
    %store/vec4 v000001f21a683470_0, 0, 1;
    %jmp T_0.12;
T_0.9 ;
    %load/vec4 v000001f21a6835b0_0;
    %inv;
    %store/vec4 v000001f21a674970_0, 0, 32;
    %pushi/vec4 0, 0, 1;
    %store/vec4 v000001f21a683330_0, 0, 1;
    %load/vec4 v000001f21a674970_0;
    %parti/s 1, 31, 6;
    %store/vec4 v000001f21a6833d0_0, 0, 1;
    %pushi/vec4 0, 0, 1;
    %store/vec4 v000001f21a642910_0, 0, 1;
    %load/vec4 v000001f21a674970_0;
    %or/r;
    %inv;
    %store/vec4 v000001f21a683470_0, 0, 1;
    %jmp T_0.12;
T_0.10 ;
    %load/vec4 v000001f21a6835b0_0;
    %inv;
    %store/vec4 v000001f21a674970_0, 0, 32;
    %pushi/vec4 0, 0, 1;
    %store/vec4 v000001f21a683330_0, 0, 1;
    %load/vec4 v000001f21a674970_0;
    %parti/s 1, 31, 6;
    %store/vec4 v000001f21a6833d0_0, 0, 1;
    %pushi/vec4 0, 0, 1;
    %store/vec4 v000001f21a642910_0, 0, 1;
    %load/vec4 v000001f21a674970_0;
    %or/r;
    %inv;
    %store/vec4 v000001f21a683470_0, 0, 1;
    %jmp T_0.12;
T_0.12 ;
    %pop/vec4 1;
    %jmp T_0;
    .thread T_0, $push;
    .scope S_000001f21a62ae30;
T_1 ;
    %vpi_call 2 18 "$dumpfile", "ALU.vcd" {0 0 0};
    %vpi_call 2 19 "$dumpvars" {0 0 0};
    %pushi/vec4 0, 0, 5;
    %store/vec4 v000001f21a674e70_0, 0, 5;
    %pushi/vec4 0, 0, 32;
    %store/vec4 v000001f21a674a10_0, 0, 32;
    %pushi/vec4 0, 0, 32;
    %store/vec4 v000001f21a674ab0_0, 0, 32;
    %delay 10, 0;
    %pushi/vec4 1, 0, 5;
    %store/vec4 v000001f21a674e70_0, 0, 5;
    %pushi/vec4 0, 0, 32;
    %store/vec4 v000001f21a674a10_0, 0, 32;
    %pushi/vec4 12, 0, 32;
    %store/vec4 v000001f21a674ab0_0, 0, 32;
    %delay 10, 0;
    %pushi/vec4 1, 0, 5;
    %store/vec4 v000001f21a674e70_0, 0, 5;
    %pushi/vec4 1, 0, 32;
    %store/vec4 v000001f21a674a10_0, 0, 32;
    %pushi/vec4 1, 0, 32;
    %store/vec4 v000001f21a674ab0_0, 0, 32;
    %delay 10, 0;
    %pushi/vec4 1, 0, 5;
    %store/vec4 v000001f21a674e70_0, 0, 5;
    %pushi/vec4 2, 0, 32;
    %store/vec4 v000001f21a674a10_0, 0, 32;
    %pushi/vec4 2147483649, 0, 32;
    %store/vec4 v000001f21a674ab0_0, 0, 32;
    %delay 10, 0;
    %pushi/vec4 1, 0, 5;
    %store/vec4 v000001f21a674e70_0, 0, 5;
    %pushi/vec4 3, 0, 32;
    %store/vec4 v000001f21a674a10_0, 0, 32;
    %pushi/vec4 2147483650, 0, 32;
    %store/vec4 v000001f21a674ab0_0, 0, 32;
    %delay 10, 0;
    %pushi/vec4 23, 0, 5;
    %store/vec4 v000001f21a674e70_0, 0, 5;
    %pushi/vec4 1, 0, 32;
    %store/vec4 v000001f21a674a10_0, 0, 32;
    %pushi/vec4 2147483650, 0, 32;
    %store/vec4 v000001f21a674ab0_0, 0, 32;
    %delay 10, 0;
    %pushi/vec4 21, 0, 5;
    %store/vec4 v000001f21a674e70_0, 0, 5;
    %pushi/vec4 2147483650, 0, 32;
    %store/vec4 v000001f21a674a10_0, 0, 32;
    %pushi/vec4 2147483649, 0, 32;
    %store/vec4 v000001f21a674ab0_0, 0, 32;
    %delay 10, 0;
    %pushi/vec4 30, 0, 5;
    %store/vec4 v000001f21a674e70_0, 0, 5;
    %pushi/vec4 2147483648, 0, 32;
    %store/vec4 v000001f21a674a10_0, 0, 32;
    %pushi/vec4 2147483648, 0, 32;
    %store/vec4 v000001f21a674ab0_0, 0, 32;
    %delay 10, 0;
    %pushi/vec4 26, 0, 5;
    %store/vec4 v000001f21a674e70_0, 0, 5;
    %pushi/vec4 2147483648, 0, 32;
    %store/vec4 v000001f21a674a10_0, 0, 32;
    %pushi/vec4 2147483648, 0, 32;
    %store/vec4 v000001f21a674ab0_0, 0, 32;
    %delay 10, 0;
    %pushi/vec4 23, 0, 5;
    %store/vec4 v000001f21a674e70_0, 0, 5;
    %pushi/vec4 1, 0, 32;
    %store/vec4 v000001f21a674a10_0, 0, 32;
    %pushi/vec4 2147483650, 0, 32;
    %store/vec4 v000001f21a674ab0_0, 0, 32;
    %delay 10, 0;
    %pushi/vec4 21, 0, 5;
    %store/vec4 v000001f21a674e70_0, 0, 5;
    %pushi/vec4 2147483650, 0, 32;
    %store/vec4 v000001f21a674a10_0, 0, 32;
    %pushi/vec4 2147483649, 0, 32;
    %store/vec4 v000001f21a674ab0_0, 0, 32;
    %delay 10, 0;
    %pushi/vec4 23, 0, 5;
    %store/vec4 v000001f21a674e70_0, 0, 5;
    %pushi/vec4 2, 0, 32;
    %store/vec4 v000001f21a674a10_0, 0, 32;
    %pushi/vec4 2147483651, 0, 32;
    %store/vec4 v000001f21a674ab0_0, 0, 32;
    %delay 10, 0;
    %pushi/vec4 21, 0, 5;
    %store/vec4 v000001f21a674e70_0, 0, 5;
    %pushi/vec4 2147483650, 0, 32;
    %store/vec4 v000001f21a674a10_0, 0, 32;
    %pushi/vec4 2147483649, 0, 32;
    %store/vec4 v000001f21a674ab0_0, 0, 32;
    %delay 10, 0;
    %pushi/vec4 23, 0, 5;
    %store/vec4 v000001f21a674e70_0, 0, 5;
    %pushi/vec4 6, 0, 32;
    %store/vec4 v000001f21a674a10_0, 0, 32;
    %pushi/vec4 4, 0, 32;
    %store/vec4 v000001f21a674ab0_0, 0, 32;
    %delay 10, 0;
    %pushi/vec4 21, 0, 5;
    %store/vec4 v000001f21a674e70_0, 0, 5;
    %pushi/vec4 2147483650, 0, 32;
    %store/vec4 v000001f21a674a10_0, 0, 32;
    %pushi/vec4 2147483649, 0, 32;
    %store/vec4 v000001f21a674ab0_0, 0, 32;
    %delay 10, 0;
    %pushi/vec4 23, 0, 5;
    %store/vec4 v000001f21a674e70_0, 0, 5;
    %pushi/vec4 24, 0, 32;
    %store/vec4 v000001f21a674a10_0, 0, 32;
    %pushi/vec4 5, 0, 32;
    %store/vec4 v000001f21a674ab0_0, 0, 32;
    %delay 10, 0;
    %pushi/vec4 21, 0, 5;
    %store/vec4 v000001f21a674e70_0, 0, 5;
    %pushi/vec4 2147483650, 0, 32;
    %store/vec4 v000001f21a674a10_0, 0, 32;
    %pushi/vec4 2147483649, 0, 32;
    %store/vec4 v000001f21a674ab0_0, 0, 32;
    %delay 10, 0;
    %pushi/vec4 23, 0, 5;
    %store/vec4 v000001f21a674e70_0, 0, 5;
    %pushi/vec4 120, 0, 32;
    %store/vec4 v000001f21a674a10_0, 0, 32;
    %pushi/vec4 6, 0, 32;
    %store/vec4 v000001f21a674ab0_0, 0, 32;
    %delay 10, 0;
    %pushi/vec4 21, 0, 5;
    %store/vec4 v000001f21a674e70_0, 0, 5;
    %pushi/vec4 2147483650, 0, 32;
    %store/vec4 v000001f21a674a10_0, 0, 32;
    %pushi/vec4 2147483649, 0, 32;
    %store/vec4 v000001f21a674ab0_0, 0, 32;
    %delay 10, 0;
    %pushi/vec4 23, 0, 5;
    %store/vec4 v000001f21a674e70_0, 0, 5;
    %pushi/vec4 720, 0, 32;
    %store/vec4 v000001f21a674a10_0, 0, 32;
    %pushi/vec4 7, 0, 32;
    %store/vec4 v000001f21a674ab0_0, 0, 32;
    %delay 10, 0;
    %pushi/vec4 21, 0, 5;
    %store/vec4 v000001f21a674e70_0, 0, 5;
    %pushi/vec4 2147483650, 0, 32;
    %store/vec4 v000001f21a674a10_0, 0, 32;
    %pushi/vec4 2147483649, 0, 32;
    %store/vec4 v000001f21a674ab0_0, 0, 32;
    %delay 10, 0;
    %pushi/vec4 23, 0, 5;
    %store/vec4 v000001f21a674e70_0, 0, 5;
    %pushi/vec4 5040, 0, 32;
    %store/vec4 v000001f21a674a10_0, 0, 32;
    %pushi/vec4 8, 0, 32;
    %store/vec4 v000001f21a674ab0_0, 0, 32;
    %delay 10, 0;
    %pushi/vec4 21, 0, 5;
    %store/vec4 v000001f21a674e70_0, 0, 5;
    %pushi/vec4 2147483650, 0, 32;
    %store/vec4 v000001f21a674a10_0, 0, 32;
    %pushi/vec4 2147483649, 0, 32;
    %store/vec4 v000001f21a674ab0_0, 0, 32;
    %delay 10, 0;
    %pushi/vec4 23, 0, 5;
    %store/vec4 v000001f21a674e70_0, 0, 5;
    %pushi/vec4 40320, 0, 32;
    %store/vec4 v000001f21a674a10_0, 0, 32;
    %pushi/vec4 9, 0, 32;
    %store/vec4 v000001f21a674ab0_0, 0, 32;
    %delay 10, 0;
    %pushi/vec4 21, 0, 5;
    %store/vec4 v000001f21a674e70_0, 0, 5;
    %pushi/vec4 2147483650, 0, 32;
    %store/vec4 v000001f21a674a10_0, 0, 32;
    %pushi/vec4 2147483649, 0, 32;
    %store/vec4 v000001f21a674ab0_0, 0, 32;
    %delay 10, 0;
    %pushi/vec4 23, 0, 5;
    %store/vec4 v000001f21a674e70_0, 0, 5;
    %pushi/vec4 362880, 0, 32;
    %store/vec4 v000001f21a674a10_0, 0, 32;
    %pushi/vec4 10, 0, 32;
    %store/vec4 v000001f21a674ab0_0, 0, 32;
    %delay 10, 0;
    %pushi/vec4 21, 0, 5;
    %store/vec4 v000001f21a674e70_0, 0, 5;
    %pushi/vec4 2147483650, 0, 32;
    %store/vec4 v000001f21a674a10_0, 0, 32;
    %pushi/vec4 2147483649, 0, 32;
    %store/vec4 v000001f21a674ab0_0, 0, 32;
    %delay 10, 0;
    %pushi/vec4 23, 0, 5;
    %store/vec4 v000001f21a674e70_0, 0, 5;
    %pushi/vec4 3628800, 0, 32;
    %store/vec4 v000001f21a674a10_0, 0, 32;
    %pushi/vec4 11, 0, 32;
    %store/vec4 v000001f21a674ab0_0, 0, 32;
    %delay 10, 0;
    %pushi/vec4 21, 0, 5;
    %store/vec4 v000001f21a674e70_0, 0, 5;
    %pushi/vec4 2147483650, 0, 32;
    %store/vec4 v000001f21a674a10_0, 0, 32;
    %pushi/vec4 2147483649, 0, 32;
    %store/vec4 v000001f21a674ab0_0, 0, 32;
    %delay 10, 0;
    %pushi/vec4 2, 0, 5;
    %store/vec4 v000001f21a674e70_0, 0, 5;
    %pushi/vec4 2147483648, 0, 32;
    %store/vec4 v000001f21a674a10_0, 0, 32;
    %pushi/vec4 2147483648, 0, 32;
    %store/vec4 v000001f21a674ab0_0, 0, 32;
    %delay 10, 0;
    %pushi/vec4 23, 0, 5;
    %store/vec4 v000001f21a674e70_0, 0, 5;
    %pushi/vec4 39916800, 0, 32;
    %store/vec4 v000001f21a674a10_0, 0, 32;
    %pushi/vec4 12, 0, 32;
    %store/vec4 v000001f21a674ab0_0, 0, 32;
    %delay 10, 0;
    %vpi_call 2 51 "$finish" {0 0 0};
    %end;
    .thread T_1;
# The file index is used to find the file name in the following table.
:file_names 4;
    "N/A";
    "<interactive>";
    ".\alu_tb.v";
    ".\alu.v";
