#! /c/Source/iverilog-install/bin/vvp
:ivl_version "12.0 (devel)" "(s20150603-1110-g18392a46)";
:ivl_delay_selection "TYPICAL";
:vpi_time_precision - 7;
:vpi_module "C:\iverilog\lib\ivl\system.vpi";
:vpi_module "C:\iverilog\lib\ivl\vhdl_sys.vpi";
:vpi_module "C:\iverilog\lib\ivl\vhdl_textio.vpi";
:vpi_module "C:\iverilog\lib\ivl\v2005_math.vpi";
:vpi_module "C:\iverilog\lib\ivl\va_math.vpi";
S_000001b2813dcff0 .scope module, "Memoria_tb" "Memoria_tb" 2 10;
 .timescale -6 -7;
v000001b281485540_0 .net "bit_de_control_escritura", 0 0, v000001b28146a120_0;  1 drivers
v000001b2814857c0_0 .net "bus_de_datos_entrada", 31 0, L_000001b281c90290;  1 drivers
v000001b2814850e0_0 .net "bus_de_datos_salida", 31 0, v000001b2813e0b20_0;  1 drivers
v000001b281485860_0 .net "bus_de_direcciones", 15 0, v000001b2813dd310_0;  1 drivers
v000001b2814845a0_0 .var "clk", 0 0;
v000001b2814863a0_0 .var "reset", 0 0;
S_000001b2813dd180 .scope module, "cpu" "CPU" 2 30, 3 26 0, S_000001b2813dcff0;
 .timescale 0 0;
    .port_info 0 /OUTPUT 32 "MBR_W";
    .port_info 1 /OUTPUT 1 "write";
    .port_info 2 /OUTPUT 16 "MAR";
    .port_info 3 /INPUT 32 "MBR_R";
    .port_info 4 /INPUT 1 "reset";
    .port_info 5 /INPUT 1 "clk";
P_000001b2813cfea0 .param/l "BITS_ADDR" 0 3 28, +C4<00000000000000000000000000010000>;
P_000001b2813cfed8 .param/l "BITS_DATA" 0 3 27, +C4<00000000000000000000000000100000>;
v000001b2814157d0_0 .var "IR", 31 0;
v000001b2813dd310_0 .var "MAR", 15 0;
v000001b2813dd3b0_0 .net "MBR_R", 31 0, L_000001b281c90290;  alias, 1 drivers
v000001b2813e0b20_0 .var "MBR_W", 31 0;
v000001b2813e0bc0_0 .var "PC", 15 0;
v000001b2813e0c60_0 .net "clk", 0 0, v000001b2814845a0_0;  1 drivers
v000001b2813e0d00_0 .var "dir", 2 0;
v000001b2813e0da0_0 .var "opcode", 4 0;
v000001b2813e0e40_0 .var "operand_a", 7 0;
v000001b2813e0ee0_0 .var "operand_b", 15 0;
v000001b28146ad00_0 .net "reset", 0 0, v000001b2814863a0_0;  1 drivers
v000001b28146a940_0 .var "stage", 3 0;
v000001b28146a120_0 .var "write", 0 0;
E_000001b281409350/0 .event anyedge, v000001b28146ad00_0;
E_000001b281409350/1 .event posedge, v000001b2813e0c60_0;
E_000001b281409350 .event/or E_000001b281409350/0, E_000001b281409350/1;
S_000001b2813a2510 .scope module, "mem" "Mem_D32b_A16b" 2 37, 4 18 0, S_000001b2813dcff0;
 .timescale -6 -7;
    .port_info 0 /OUTPUT 32 "data_out";
    .port_info 1 /INPUT 32 "data_in";
    .port_info 2 /INPUT 16 "address";
    .port_info 3 /INPUT 1 "write";
    .port_info 4 /INPUT 1 "clk";
P_000001b2813d0320 .param/l "BITS_ADDR" 0 4 20, +C4<00000000000000000000000000010000>;
P_000001b2813d0358 .param/l "BITS_DATA" 0 4 19, +C4<00000000000000000000000000100000>;
L_000001b281c90290 .functor BUFZ 32, L_000001b281485900, C4<00000000000000000000000000000000>, C4<00000000000000000000000000000000>, C4<00000000000000000000000000000000>;
v000001b28146caa0_0 .net *"_ivl_0", 31 0, L_000001b281485900;  1 drivers
v000001b28146d5e0_0 .net *"_ivl_2", 17 0, L_000001b281485680;  1 drivers
L_000001b281e81028 .functor BUFT 1, C4<00>, C4<0>, C4<0>, C4<0>;
v000001b28146cc80_0 .net *"_ivl_5", 1 0, L_000001b281e81028;  1 drivers
v000001b28146d180_0 .net "address", 15 0, v000001b2813dd310_0;  alias, 1 drivers
v000001b28146cb40_0 .net "clk", 0 0, v000001b2814845a0_0;  alias, 1 drivers
v000001b28146d220 .array "data", 0 65535, 31 0;
v000001b28146d2c0_0 .net "data_in", 31 0, v000001b2813e0b20_0;  alias, 1 drivers
v000001b28146d360_0 .net "data_out", 31 0, L_000001b281c90290;  alias, 1 drivers
v000001b281486300_0 .net "write", 0 0, v000001b28146a120_0;  alias, 1 drivers
E_000001b281409150 .event negedge, v000001b2813e0c60_0;
L_000001b281485900 .array/port v000001b28146d220, L_000001b281485680;
L_000001b281485680 .concat [ 16 2 0 0], v000001b2813dd310_0, L_000001b281e81028;
S_000001b2813a26a0 .scope generate, "register[0]" "register[0]" 4 60, 4 60 0, S_000001b2813a2510;
 .timescale -6 -7;
P_000001b281409b90 .param/l "idx" 0 4 60, +C4<00>;
v000001b28146d220_0 .array/port v000001b28146d220, 0;
L_000001b2813df010 .functor BUFZ 32, v000001b28146d220_0, C4<00000000000000000000000000000000>, C4<00000000000000000000000000000000>, C4<00000000000000000000000000000000>;
v000001b28146a9e0_0 .net "tmp", 31 0, L_000001b2813df010;  1 drivers
S_000001b2813a2830 .scope generate, "register[1]" "register[1]" 4 60, 4 60 0, S_000001b2813a2510;
 .timescale -6 -7;
P_000001b281409e90 .param/l "idx" 0 4 60, +C4<01>;
v000001b28146d220_1 .array/port v000001b28146d220, 1;
L_000001b2813deb40 .functor BUFZ 32, v000001b28146d220_1, C4<00000000000000000000000000000000>, C4<00000000000000000000000000000000>, C4<00000000000000000000000000000000>;
v000001b28146ae40_0 .net "tmp", 31 0, L_000001b2813deb40;  1 drivers
S_000001b2813fe880 .scope generate, "register[2]" "register[2]" 4 60, 4 60 0, S_000001b2813a2510;
 .timescale -6 -7;
P_000001b2814094d0 .param/l "idx" 0 4 60, +C4<010>;
v000001b28146d220_2 .array/port v000001b28146d220, 2;
L_000001b2813dec20 .functor BUFZ 32, v000001b28146d220_2, C4<00000000000000000000000000000000>, C4<00000000000000000000000000000000>, C4<00000000000000000000000000000000>;
v000001b28146a080_0 .net "tmp", 31 0, L_000001b2813dec20;  1 drivers
S_000001b2813fea10 .scope generate, "register[3]" "register[3]" 4 60, 4 60 0, S_000001b2813a2510;
 .timescale -6 -7;
P_000001b281409ed0 .param/l "idx" 0 4 60, +C4<011>;
v000001b28146d220_3 .array/port v000001b28146d220, 3;
L_000001b2813defa0 .functor BUFZ 32, v000001b28146d220_3, C4<00000000000000000000000000000000>, C4<00000000000000000000000000000000>, C4<00000000000000000000000000000000>;
v000001b28146a4e0_0 .net "tmp", 31 0, L_000001b2813defa0;  1 drivers
S_000001b2813feba0 .scope generate, "register[4]" "register[4]" 4 60, 4 60 0, S_000001b2813a2510;
 .timescale -6 -7;
P_000001b281409510 .param/l "idx" 0 4 60, +C4<0100>;
v000001b28146d220_4 .array/port v000001b28146d220, 4;
L_000001b281e80f40 .functor BUFZ 32, v000001b28146d220_4, C4<00000000000000000000000000000000>, C4<00000000000000000000000000000000>, C4<00000000000000000000000000000000>;
v000001b28146a440_0 .net "tmp", 31 0, L_000001b281e80f40;  1 drivers
S_000001b2813fed30 .scope generate, "register[5]" "register[5]" 4 60, 4 60 0, S_000001b2813a2510;
 .timescale -6 -7;
P_000001b28140a050 .param/l "idx" 0 4 60, +C4<0101>;
v000001b28146d220_5 .array/port v000001b28146d220, 5;
L_000001b281e80530 .functor BUFZ 32, v000001b28146d220_5, C4<00000000000000000000000000000000>, C4<00000000000000000000000000000000>, C4<00000000000000000000000000000000>;
v000001b28146a6c0_0 .net "tmp", 31 0, L_000001b281e80530;  1 drivers
S_000001b2813feec0 .scope generate, "register[6]" "register[6]" 4 60, 4 60 0, S_000001b2813a2510;
 .timescale -6 -7;
P_000001b281409c50 .param/l "idx" 0 4 60, +C4<0110>;
v000001b28146d220_6 .array/port v000001b28146d220, 6;
L_000001b281e80990 .functor BUFZ 32, v000001b28146d220_6, C4<00000000000000000000000000000000>, C4<00000000000000000000000000000000>, C4<00000000000000000000000000000000>;
v000001b28146a1c0_0 .net "tmp", 31 0, L_000001b281e80990;  1 drivers
S_000001b2813ff050 .scope generate, "register[7]" "register[7]" 4 60, 4 60 0, S_000001b2813a2510;
 .timescale -6 -7;
P_000001b28140a0d0 .param/l "idx" 0 4 60, +C4<0111>;
v000001b28146d220_7 .array/port v000001b28146d220, 7;
L_000001b281e80760 .functor BUFZ 32, v000001b28146d220_7, C4<00000000000000000000000000000000>, C4<00000000000000000000000000000000>, C4<00000000000000000000000000000000>;
v000001b28146a260_0 .net "tmp", 31 0, L_000001b281e80760;  1 drivers
S_000001b2813ff1e0 .scope generate, "register[8]" "register[8]" 4 60, 4 60 0, S_000001b2813a2510;
 .timescale -6 -7;
P_000001b281409910 .param/l "idx" 0 4 60, +C4<01000>;
v000001b28146d220_8 .array/port v000001b28146d220, 8;
L_000001b281e80ed0 .functor BUFZ 32, v000001b28146d220_8, C4<00000000000000000000000000000000>, C4<00000000000000000000000000000000>, C4<00000000000000000000000000000000>;
v000001b28146ada0_0 .net "tmp", 31 0, L_000001b281e80ed0;  1 drivers
S_000001b2813ff370 .scope generate, "register[9]" "register[9]" 4 60, 4 60 0, S_000001b2813a2510;
 .timescale -6 -7;
P_000001b28140a010 .param/l "idx" 0 4 60, +C4<01001>;
v000001b28146d220_9 .array/port v000001b28146d220, 9;
L_000001b281e80920 .functor BUFZ 32, v000001b28146d220_9, C4<00000000000000000000000000000000>, C4<00000000000000000000000000000000>, C4<00000000000000000000000000000000>;
v000001b28146aa80_0 .net "tmp", 31 0, L_000001b281e80920;  1 drivers
S_000001b2813ff500 .scope generate, "register[10]" "register[10]" 4 60, 4 60 0, S_000001b2813a2510;
 .timescale -6 -7;
P_000001b281409310 .param/l "idx" 0 4 60, +C4<01010>;
v000001b28146d220_10 .array/port v000001b28146d220, 10;
L_000001b281e80a00 .functor BUFZ 32, v000001b28146d220_10, C4<00000000000000000000000000000000>, C4<00000000000000000000000000000000>, C4<00000000000000000000000000000000>;
v000001b28146a300_0 .net "tmp", 31 0, L_000001b281e80a00;  1 drivers
S_000001b2813ff690 .scope generate, "register[11]" "register[11]" 4 60, 4 60 0, S_000001b2813a2510;
 .timescale -6 -7;
P_000001b281409250 .param/l "idx" 0 4 60, +C4<01011>;
v000001b28146d220_11 .array/port v000001b28146d220, 11;
L_000001b281e804c0 .functor BUFZ 32, v000001b28146d220_11, C4<00000000000000000000000000000000>, C4<00000000000000000000000000000000>, C4<00000000000000000000000000000000>;
v000001b28146a620_0 .net "tmp", 31 0, L_000001b281e804c0;  1 drivers
S_000001b2814040c0 .scope generate, "register[12]" "register[12]" 4 60, 4 60 0, S_000001b2813a2510;
 .timescale -6 -7;
P_000001b2814095d0 .param/l "idx" 0 4 60, +C4<01100>;
v000001b28146d220_12 .array/port v000001b28146d220, 12;
L_000001b281e80bc0 .functor BUFZ 32, v000001b28146d220_12, C4<00000000000000000000000000000000>, C4<00000000000000000000000000000000>, C4<00000000000000000000000000000000>;
v000001b28146a760_0 .net "tmp", 31 0, L_000001b281e80bc0;  1 drivers
S_000001b281404250 .scope generate, "register[13]" "register[13]" 4 60, 4 60 0, S_000001b2813a2510;
 .timescale -6 -7;
P_000001b281409390 .param/l "idx" 0 4 60, +C4<01101>;
v000001b28146d220_13 .array/port v000001b28146d220, 13;
L_000001b281e807d0 .functor BUFZ 32, v000001b28146d220_13, C4<00000000000000000000000000000000>, C4<00000000000000000000000000000000>, C4<00000000000000000000000000000000>;
v000001b28146abc0_0 .net "tmp", 31 0, L_000001b281e807d0;  1 drivers
S_000001b28146bb80 .scope generate, "register[14]" "register[14]" 4 60, 4 60 0, S_000001b2813a2510;
 .timescale -6 -7;
P_000001b2814099d0 .param/l "idx" 0 4 60, +C4<01110>;
v000001b28146d220_14 .array/port v000001b28146d220, 14;
L_000001b281e801b0 .functor BUFZ 32, v000001b28146d220_14, C4<00000000000000000000000000000000>, C4<00000000000000000000000000000000>, C4<00000000000000000000000000000000>;
v000001b28146aee0_0 .net "tmp", 31 0, L_000001b281e801b0;  1 drivers
S_000001b28146b860 .scope generate, "register[15]" "register[15]" 4 60, 4 60 0, S_000001b2813a2510;
 .timescale -6 -7;
P_000001b2814093d0 .param/l "idx" 0 4 60, +C4<01111>;
v000001b28146d220_15 .array/port v000001b28146d220, 15;
L_000001b281e80ae0 .functor BUFZ 32, v000001b28146d220_15, C4<00000000000000000000000000000000>, C4<00000000000000000000000000000000>, C4<00000000000000000000000000000000>;
v000001b28146a800_0 .net "tmp", 31 0, L_000001b281e80ae0;  1 drivers
S_000001b28146b3b0 .scope generate, "register[16]" "register[16]" 4 60, 4 60 0, S_000001b2813a2510;
 .timescale -6 -7;
P_000001b281409410 .param/l "idx" 0 4 60, +C4<010000>;
v000001b28146d220_16 .array/port v000001b28146d220, 16;
L_000001b281e80140 .functor BUFZ 32, v000001b28146d220_16, C4<00000000000000000000000000000000>, C4<00000000000000000000000000000000>, C4<00000000000000000000000000000000>;
v000001b28146ab20_0 .net "tmp", 31 0, L_000001b281e80140;  1 drivers
S_000001b28146bd10 .scope generate, "register[17]" "register[17]" 4 60, 4 60 0, S_000001b2813a2510;
 .timescale -6 -7;
P_000001b281409a10 .param/l "idx" 0 4 60, +C4<010001>;
v000001b28146d220_17 .array/port v000001b28146d220, 17;
L_000001b281e80060 .functor BUFZ 32, v000001b28146d220_17, C4<00000000000000000000000000000000>, C4<00000000000000000000000000000000>, C4<00000000000000000000000000000000>;
v000001b28146ac60_0 .net "tmp", 31 0, L_000001b281e80060;  1 drivers
S_000001b28146bea0 .scope generate, "register[18]" "register[18]" 4 60, 4 60 0, S_000001b2813a2510;
 .timescale -6 -7;
P_000001b281409a50 .param/l "idx" 0 4 60, +C4<010010>;
v000001b28146d220_18 .array/port v000001b28146d220, 18;
L_000001b281e80220 .functor BUFZ 32, v000001b28146d220_18, C4<00000000000000000000000000000000>, C4<00000000000000000000000000000000>, C4<00000000000000000000000000000000>;
v000001b28146af80_0 .net "tmp", 31 0, L_000001b281e80220;  1 drivers
S_000001b28146b540 .scope generate, "register[19]" "register[19]" 4 60, 4 60 0, S_000001b2813a2510;
 .timescale -6 -7;
P_000001b281409a90 .param/l "idx" 0 4 60, +C4<010011>;
v000001b28146d220_19 .array/port v000001b28146d220, 19;
L_000001b281e800d0 .functor BUFZ 32, v000001b28146d220_19, C4<00000000000000000000000000000000>, C4<00000000000000000000000000000000>, C4<00000000000000000000000000000000>;
v000001b28146a8a0_0 .net "tmp", 31 0, L_000001b281e800d0;  1 drivers
S_000001b28146b090 .scope generate, "register[20]" "register[20]" 4 60, 4 60 0, S_000001b2813a2510;
 .timescale -6 -7;
P_000001b281409490 .param/l "idx" 0 4 60, +C4<010100>;
v000001b28146d220_20 .array/port v000001b28146d220, 20;
L_000001b281e80290 .functor BUFZ 32, v000001b28146d220_20, C4<00000000000000000000000000000000>, C4<00000000000000000000000000000000>, C4<00000000000000000000000000000000>;
v000001b28146a3a0_0 .net "tmp", 31 0, L_000001b281e80290;  1 drivers
S_000001b28146b6d0 .scope generate, "register[21]" "register[21]" 4 60, 4 60 0, S_000001b2813a2510;
 .timescale -6 -7;
P_000001b281409610 .param/l "idx" 0 4 60, +C4<010101>;
v000001b28146d220_21 .array/port v000001b28146d220, 21;
L_000001b281e80df0 .functor BUFZ 32, v000001b28146d220_21, C4<00000000000000000000000000000000>, C4<00000000000000000000000000000000>, C4<00000000000000000000000000000000>;
v000001b28146a580_0 .net "tmp", 31 0, L_000001b281e80df0;  1 drivers
S_000001b28146b9f0 .scope generate, "register[22]" "register[22]" 4 60, 4 60 0, S_000001b2813a2510;
 .timescale -6 -7;
P_000001b281409750 .param/l "idx" 0 4 60, +C4<010110>;
v000001b28146d220_22 .array/port v000001b28146d220, 22;
L_000001b281e80c30 .functor BUFZ 32, v000001b28146d220_22, C4<00000000000000000000000000000000>, C4<00000000000000000000000000000000>, C4<00000000000000000000000000000000>;
v000001b28146cf00_0 .net "tmp", 31 0, L_000001b281e80c30;  1 drivers
S_000001b28146b220 .scope generate, "register[23]" "register[23]" 4 60, 4 60 0, S_000001b2813a2510;
 .timescale -6 -7;
P_000001b281409790 .param/l "idx" 0 4 60, +C4<010111>;
v000001b28146d220_23 .array/port v000001b28146d220, 23;
L_000001b281e80a70 .functor BUFZ 32, v000001b28146d220_23, C4<00000000000000000000000000000000>, C4<00000000000000000000000000000000>, C4<00000000000000000000000000000000>;
v000001b28146cd20_0 .net "tmp", 31 0, L_000001b281e80a70;  1 drivers
S_000001b28146e3d0 .scope generate, "register[24]" "register[24]" 4 60, 4 60 0, S_000001b2813a2510;
 .timescale -6 -7;
P_000001b2814097d0 .param/l "idx" 0 4 60, +C4<011000>;
v000001b28146d220_24 .array/port v000001b28146d220, 24;
L_000001b281e80610 .functor BUFZ 32, v000001b28146d220_24, C4<00000000000000000000000000000000>, C4<00000000000000000000000000000000>, C4<00000000000000000000000000000000>;
v000001b28146d9a0_0 .net "tmp", 31 0, L_000001b281e80610;  1 drivers
S_000001b28146ed30 .scope generate, "register[25]" "register[25]" 4 60, 4 60 0, S_000001b2813a2510;
 .timescale -6 -7;
P_000001b281409810 .param/l "idx" 0 4 60, +C4<011001>;
v000001b28146d220_25 .array/port v000001b28146d220, 25;
L_000001b281e80b50 .functor BUFZ 32, v000001b28146d220_25, C4<00000000000000000000000000000000>, C4<00000000000000000000000000000000>, C4<00000000000000000000000000000000>;
v000001b28146d900_0 .net "tmp", 31 0, L_000001b281e80b50;  1 drivers
S_000001b28146e880 .scope generate, "register[26]" "register[26]" 4 60, 4 60 0, S_000001b2813a2510;
 .timescale -6 -7;
P_000001b28140a450 .param/l "idx" 0 4 60, +C4<011010>;
v000001b28146d220_26 .array/port v000001b28146d220, 26;
L_000001b281e80e60 .functor BUFZ 32, v000001b28146d220_26, C4<00000000000000000000000000000000>, C4<00000000000000000000000000000000>, C4<00000000000000000000000000000000>;
v000001b28146c3c0_0 .net "tmp", 31 0, L_000001b281e80e60;  1 drivers
S_000001b28146fb40 .scope generate, "register[27]" "register[27]" 4 60, 4 60 0, S_000001b2813a2510;
 .timescale -6 -7;
P_000001b28140a490 .param/l "idx" 0 4 60, +C4<011011>;
v000001b28146d220_27 .array/port v000001b28146d220, 27;
L_000001b281e80300 .functor BUFZ 32, v000001b28146d220_27, C4<00000000000000000000000000000000>, C4<00000000000000000000000000000000>, C4<00000000000000000000000000000000>;
v000001b28146d680_0 .net "tmp", 31 0, L_000001b281e80300;  1 drivers
S_000001b28146ea10 .scope generate, "register[28]" "register[28]" 4 60, 4 60 0, S_000001b2813a2510;
 .timescale -6 -7;
P_000001b28140ab10 .param/l "idx" 0 4 60, +C4<011100>;
v000001b28146d220_28 .array/port v000001b28146d220, 28;
L_000001b281e80d80 .functor BUFZ 32, v000001b28146d220_28, C4<00000000000000000000000000000000>, C4<00000000000000000000000000000000>, C4<00000000000000000000000000000000>;
v000001b28146cdc0_0 .net "tmp", 31 0, L_000001b281e80d80;  1 drivers
S_000001b28146fcd0 .scope generate, "register[29]" "register[29]" 4 60, 4 60 0, S_000001b2813a2510;
 .timescale -6 -7;
P_000001b28140a950 .param/l "idx" 0 4 60, +C4<011101>;
v000001b28146d220_29 .array/port v000001b28146d220, 29;
L_000001b281e80370 .functor BUFZ 32, v000001b28146d220_29, C4<00000000000000000000000000000000>, C4<00000000000000000000000000000000>, C4<00000000000000000000000000000000>;
v000001b28146d7c0_0 .net "tmp", 31 0, L_000001b281e80370;  1 drivers
S_000001b28146f500 .scope generate, "register[30]" "register[30]" 4 60, 4 60 0, S_000001b2813a2510;
 .timescale -6 -7;
P_000001b28140ae10 .param/l "idx" 0 4 60, +C4<011110>;
v000001b28146d220_30 .array/port v000001b28146d220, 30;
L_000001b281e80ca0 .functor BUFZ 32, v000001b28146d220_30, C4<00000000000000000000000000000000>, C4<00000000000000000000000000000000>, C4<00000000000000000000000000000000>;
v000001b28146c0a0_0 .net "tmp", 31 0, L_000001b281e80ca0;  1 drivers
S_000001b28146f690 .scope generate, "register[31]" "register[31]" 4 60, 4 60 0, S_000001b2813a2510;
 .timescale -6 -7;
P_000001b28140b050 .param/l "idx" 0 4 60, +C4<011111>;
v000001b28146d220_31 .array/port v000001b28146d220, 31;
L_000001b281e80840 .functor BUFZ 32, v000001b28146d220_31, C4<00000000000000000000000000000000>, C4<00000000000000000000000000000000>, C4<00000000000000000000000000000000>;
v000001b28146c960_0 .net "tmp", 31 0, L_000001b281e80840;  1 drivers
S_000001b28146f820 .scope generate, "register[32]" "register[32]" 4 60, 4 60 0, S_000001b2813a2510;
 .timescale -6 -7;
P_000001b28140ad50 .param/l "idx" 0 4 60, +C4<0100000>;
v000001b28146d220_32 .array/port v000001b28146d220, 32;
L_000001b281e808b0 .functor BUFZ 32, v000001b28146d220_32, C4<00000000000000000000000000000000>, C4<00000000000000000000000000000000>, C4<00000000000000000000000000000000>;
v000001b28146d400_0 .net "tmp", 31 0, L_000001b281e808b0;  1 drivers
S_000001b28146f9b0 .scope generate, "register[33]" "register[33]" 4 60, 4 60 0, S_000001b2813a2510;
 .timescale -6 -7;
P_000001b28140a650 .param/l "idx" 0 4 60, +C4<0100001>;
v000001b28146d220_33 .array/port v000001b28146d220, 33;
L_000001b281e803e0 .functor BUFZ 32, v000001b28146d220_33, C4<00000000000000000000000000000000>, C4<00000000000000000000000000000000>, C4<00000000000000000000000000000000>;
v000001b28146c280_0 .net "tmp", 31 0, L_000001b281e803e0;  1 drivers
S_000001b28146e560 .scope generate, "register[34]" "register[34]" 4 60, 4 60 0, S_000001b2813a2510;
 .timescale -6 -7;
P_000001b28140ac50 .param/l "idx" 0 4 60, +C4<0100010>;
v000001b28146d220_34 .array/port v000001b28146d220, 34;
L_000001b281e80450 .functor BUFZ 32, v000001b28146d220_34, C4<00000000000000000000000000000000>, C4<00000000000000000000000000000000>, C4<00000000000000000000000000000000>;
v000001b28146cbe0_0 .net "tmp", 31 0, L_000001b281e80450;  1 drivers
S_000001b28146e240 .scope generate, "register[35]" "register[35]" 4 60, 4 60 0, S_000001b2813a2510;
 .timescale -6 -7;
P_000001b28140a8d0 .param/l "idx" 0 4 60, +C4<0100011>;
v000001b28146d220_35 .array/port v000001b28146d220, 35;
L_000001b281e805a0 .functor BUFZ 32, v000001b28146d220_35, C4<00000000000000000000000000000000>, C4<00000000000000000000000000000000>, C4<00000000000000000000000000000000>;
v000001b28146c780_0 .net "tmp", 31 0, L_000001b281e805a0;  1 drivers
S_000001b28146fe60 .scope generate, "register[36]" "register[36]" 4 60, 4 60 0, S_000001b2813a2510;
 .timescale -6 -7;
P_000001b28140a5d0 .param/l "idx" 0 4 60, +C4<0100100>;
v000001b28146d220_36 .array/port v000001b28146d220, 36;
L_000001b281e80680 .functor BUFZ 32, v000001b28146d220_36, C4<00000000000000000000000000000000>, C4<00000000000000000000000000000000>, C4<00000000000000000000000000000000>;
v000001b28146db80_0 .net "tmp", 31 0, L_000001b281e80680;  1 drivers
S_000001b28146e0b0 .scope generate, "register[37]" "register[37]" 4 60, 4 60 0, S_000001b2813a2510;
 .timescale -6 -7;
P_000001b28140a150 .param/l "idx" 0 4 60, +C4<0100101>;
v000001b28146d220_37 .array/port v000001b28146d220, 37;
L_000001b281e806f0 .functor BUFZ 32, v000001b28146d220_37, C4<00000000000000000000000000000000>, C4<00000000000000000000000000000000>, C4<00000000000000000000000000000000>;
v000001b28146dcc0_0 .net "tmp", 31 0, L_000001b281e806f0;  1 drivers
S_000001b28146e6f0 .scope generate, "register[38]" "register[38]" 4 60, 4 60 0, S_000001b2813a2510;
 .timescale -6 -7;
P_000001b28140a3d0 .param/l "idx" 0 4 60, +C4<0100110>;
v000001b28146d220_38 .array/port v000001b28146d220, 38;
L_000001b281e80d10 .functor BUFZ 32, v000001b28146d220_38, C4<00000000000000000000000000000000>, C4<00000000000000000000000000000000>, C4<00000000000000000000000000000000>;
v000001b28146c460_0 .net "tmp", 31 0, L_000001b281e80d10;  1 drivers
S_000001b28146eba0 .scope generate, "register[39]" "register[39]" 4 60, 4 60 0, S_000001b2813a2510;
 .timescale -6 -7;
P_000001b28140a250 .param/l "idx" 0 4 60, +C4<0100111>;
v000001b28146d220_39 .array/port v000001b28146d220, 39;
L_000001b281c90300 .functor BUFZ 32, v000001b28146d220_39, C4<00000000000000000000000000000000>, C4<00000000000000000000000000000000>, C4<00000000000000000000000000000000>;
v000001b28146c140_0 .net "tmp", 31 0, L_000001b281c90300;  1 drivers
S_000001b28146eec0 .scope generate, "register[40]" "register[40]" 4 60, 4 60 0, S_000001b2813a2510;
 .timescale -6 -7;
P_000001b28140a550 .param/l "idx" 0 4 60, +C4<0101000>;
v000001b28146d220_40 .array/port v000001b28146d220, 40;
L_000001b281c90060 .functor BUFZ 32, v000001b28146d220_40, C4<00000000000000000000000000000000>, C4<00000000000000000000000000000000>, C4<00000000000000000000000000000000>;
v000001b28146c500_0 .net "tmp", 31 0, L_000001b281c90060;  1 drivers
S_000001b28146f050 .scope generate, "register[41]" "register[41]" 4 60, 4 60 0, S_000001b2813a2510;
 .timescale -6 -7;
P_000001b28140a310 .param/l "idx" 0 4 60, +C4<0101001>;
v000001b28146d220_41 .array/port v000001b28146d220, 41;
L_000001b281c90ae0 .functor BUFZ 32, v000001b28146d220_41, C4<00000000000000000000000000000000>, C4<00000000000000000000000000000000>, C4<00000000000000000000000000000000>;
v000001b28146da40_0 .net "tmp", 31 0, L_000001b281c90ae0;  1 drivers
S_000001b28146f1e0 .scope generate, "register[42]" "register[42]" 4 60, 4 60 0, S_000001b2813a2510;
 .timescale -6 -7;
P_000001b28140ae90 .param/l "idx" 0 4 60, +C4<0101010>;
v000001b28146d220_42 .array/port v000001b28146d220, 42;
L_000001b281c90ca0 .functor BUFZ 32, v000001b28146d220_42, C4<00000000000000000000000000000000>, C4<00000000000000000000000000000000>, C4<00000000000000000000000000000000>;
v000001b28146dc20_0 .net "tmp", 31 0, L_000001b281c90ca0;  1 drivers
S_000001b28146f370 .scope generate, "register[43]" "register[43]" 4 60, 4 60 0, S_000001b2813a2510;
 .timescale -6 -7;
P_000001b28140af10 .param/l "idx" 0 4 60, +C4<0101011>;
v000001b28146d220_43 .array/port v000001b28146d220, 43;
L_000001b281c90ed0 .functor BUFZ 32, v000001b28146d220_43, C4<00000000000000000000000000000000>, C4<00000000000000000000000000000000>, C4<00000000000000000000000000000000>;
v000001b28146d720_0 .net "tmp", 31 0, L_000001b281c90ed0;  1 drivers
S_000001b281470a20 .scope generate, "register[44]" "register[44]" 4 60, 4 60 0, S_000001b2813a2510;
 .timescale -6 -7;
P_000001b28140a990 .param/l "idx" 0 4 60, +C4<0101100>;
v000001b28146d220_44 .array/port v000001b28146d220, 44;
L_000001b281c904c0 .functor BUFZ 32, v000001b28146d220_44, C4<00000000000000000000000000000000>, C4<00000000000000000000000000000000>, C4<00000000000000000000000000000000>;
v000001b28146dae0_0 .net "tmp", 31 0, L_000001b281c904c0;  1 drivers
S_000001b281470890 .scope generate, "register[45]" "register[45]" 4 60, 4 60 0, S_000001b2813a2510;
 .timescale -6 -7;
P_000001b28140a410 .param/l "idx" 0 4 60, +C4<0101101>;
v000001b28146d220_45 .array/port v000001b28146d220, 45;
L_000001b281c90920 .functor BUFZ 32, v000001b28146d220_45, C4<00000000000000000000000000000000>, C4<00000000000000000000000000000000>, C4<00000000000000000000000000000000>;
v000001b28146ce60_0 .net "tmp", 31 0, L_000001b281c90920;  1 drivers
S_000001b281471830 .scope generate, "register[46]" "register[46]" 4 60, 4 60 0, S_000001b2813a2510;
 .timescale -6 -7;
P_000001b28140a190 .param/l "idx" 0 4 60, +C4<0101110>;
v000001b28146d220_46 .array/port v000001b28146d220, 46;
L_000001b281c903e0 .functor BUFZ 32, v000001b28146d220_46, C4<00000000000000000000000000000000>, C4<00000000000000000000000000000000>, C4<00000000000000000000000000000000>;
v000001b28146dd60_0 .net "tmp", 31 0, L_000001b281c903e0;  1 drivers
S_000001b2814716a0 .scope generate, "register[47]" "register[47]" 4 60, 4 60 0, S_000001b2813a2510;
 .timescale -6 -7;
P_000001b28140a1d0 .param/l "idx" 0 4 60, +C4<0101111>;
v000001b28146d220_47 .array/port v000001b28146d220, 47;
L_000001b281c90a00 .functor BUFZ 32, v000001b28146d220_47, C4<00000000000000000000000000000000>, C4<00000000000000000000000000000000>, C4<00000000000000000000000000000000>;
v000001b28146c5a0_0 .net "tmp", 31 0, L_000001b281c90a00;  1 drivers
S_000001b2814719c0 .scope generate, "register[48]" "register[48]" 4 60, 4 60 0, S_000001b2813a2510;
 .timescale -6 -7;
P_000001b28140aed0 .param/l "idx" 0 4 60, +C4<0110000>;
v000001b28146d220_48 .array/port v000001b28146d220, 48;
L_000001b281c90c30 .functor BUFZ 32, v000001b28146d220_48, C4<00000000000000000000000000000000>, C4<00000000000000000000000000000000>, C4<00000000000000000000000000000000>;
v000001b28146d4a0_0 .net "tmp", 31 0, L_000001b281c90c30;  1 drivers
S_000001b281471b50 .scope generate, "register[49]" "register[49]" 4 60, 4 60 0, S_000001b2813a2510;
 .timescale -6 -7;
P_000001b28140a290 .param/l "idx" 0 4 60, +C4<0110001>;
v000001b28146d220_49 .array/port v000001b28146d220, 49;
L_000001b281c90a70 .functor BUFZ 32, v000001b28146d220_49, C4<00000000000000000000000000000000>, C4<00000000000000000000000000000000>, C4<00000000000000000000000000000000>;
v000001b28146c640_0 .net "tmp", 31 0, L_000001b281c90a70;  1 drivers
S_000001b281471ce0 .scope generate, "register[50]" "register[50]" 4 60, 4 60 0, S_000001b2813a2510;
 .timescale -6 -7;
P_000001b28140a710 .param/l "idx" 0 4 60, +C4<0110010>;
v000001b28146d220_50 .array/port v000001b28146d220, 50;
L_000001b281c908b0 .functor BUFZ 32, v000001b28146d220_50, C4<00000000000000000000000000000000>, C4<00000000000000000000000000000000>, C4<00000000000000000000000000000000>;
v000001b28146ca00_0 .net "tmp", 31 0, L_000001b281c908b0;  1 drivers
S_000001b281470570 .scope generate, "register[51]" "register[51]" 4 60, 4 60 0, S_000001b2813a2510;
 .timescale -6 -7;
P_000001b28140af50 .param/l "idx" 0 4 60, +C4<0110011>;
v000001b28146d220_51 .array/port v000001b28146d220, 51;
L_000001b281c90370 .functor BUFZ 32, v000001b28146d220_51, C4<00000000000000000000000000000000>, C4<00000000000000000000000000000000>, C4<00000000000000000000000000000000>;
v000001b28146c8c0_0 .net "tmp", 31 0, L_000001b281c90370;  1 drivers
S_000001b2814703e0 .scope generate, "register[52]" "register[52]" 4 60, 4 60 0, S_000001b2813a2510;
 .timescale -6 -7;
P_000001b28140aa50 .param/l "idx" 0 4 60, +C4<0110100>;
v000001b28146d220_52 .array/port v000001b28146d220, 52;
L_000001b281c90530 .functor BUFZ 32, v000001b28146d220_52, C4<00000000000000000000000000000000>, C4<00000000000000000000000000000000>, C4<00000000000000000000000000000000>;
v000001b28146d860_0 .net "tmp", 31 0, L_000001b281c90530;  1 drivers
S_000001b2814711f0 .scope generate, "register[53]" "register[53]" 4 60, 4 60 0, S_000001b2813a2510;
 .timescale -6 -7;
P_000001b28140af90 .param/l "idx" 0 4 60, +C4<0110101>;
v000001b28146d220_53 .array/port v000001b28146d220, 53;
L_000001b281c90b50 .functor BUFZ 32, v000001b28146d220_53, C4<00000000000000000000000000000000>, C4<00000000000000000000000000000000>, C4<00000000000000000000000000000000>;
v000001b28146d040_0 .net "tmp", 31 0, L_000001b281c90b50;  1 drivers
S_000001b281470700 .scope generate, "register[54]" "register[54]" 4 60, 4 60 0, S_000001b2813a2510;
 .timescale -6 -7;
P_000001b28140a210 .param/l "idx" 0 4 60, +C4<0110110>;
v000001b28146d220_54 .array/port v000001b28146d220, 54;
L_000001b281c901b0 .functor BUFZ 32, v000001b28146d220_54, C4<00000000000000000000000000000000>, C4<00000000000000000000000000000000>, C4<00000000000000000000000000000000>;
v000001b28146cfa0_0 .net "tmp", 31 0, L_000001b281c901b0;  1 drivers
S_000001b2814700c0 .scope generate, "register[55]" "register[55]" 4 60, 4 60 0, S_000001b2813a2510;
 .timescale -6 -7;
P_000001b28140a7d0 .param/l "idx" 0 4 60, +C4<0110111>;
v000001b28146d220_55 .array/port v000001b28146d220, 55;
L_000001b281c90450 .functor BUFZ 32, v000001b28146d220_55, C4<00000000000000000000000000000000>, C4<00000000000000000000000000000000>, C4<00000000000000000000000000000000>;
v000001b28146de00_0 .net "tmp", 31 0, L_000001b281c90450;  1 drivers
S_000001b281471e70 .scope generate, "register[56]" "register[56]" 4 60, 4 60 0, S_000001b2813a2510;
 .timescale -6 -7;
P_000001b28140aad0 .param/l "idx" 0 4 60, +C4<0111000>;
v000001b28146d220_56 .array/port v000001b28146d220, 56;
L_000001b281c90f40 .functor BUFZ 32, v000001b28146d220_56, C4<00000000000000000000000000000000>, C4<00000000000000000000000000000000>, C4<00000000000000000000000000000000>;
v000001b28146d0e0_0 .net "tmp", 31 0, L_000001b281c90f40;  1 drivers
S_000001b281470bb0 .scope generate, "register[57]" "register[57]" 4 60, 4 60 0, S_000001b2813a2510;
 .timescale -6 -7;
P_000001b28140ab50 .param/l "idx" 0 4 60, +C4<0111001>;
v000001b28146d220_57 .array/port v000001b28146d220, 57;
L_000001b281c90df0 .functor BUFZ 32, v000001b28146d220_57, C4<00000000000000000000000000000000>, C4<00000000000000000000000000000000>, C4<00000000000000000000000000000000>;
v000001b28146c6e0_0 .net "tmp", 31 0, L_000001b281c90df0;  1 drivers
S_000001b281470250 .scope generate, "register[58]" "register[58]" 4 60, 4 60 0, S_000001b2813a2510;
 .timescale -6 -7;
P_000001b28140a2d0 .param/l "idx" 0 4 60, +C4<0111010>;
v000001b28146d220_58 .array/port v000001b28146d220, 58;
L_000001b281c900d0 .functor BUFZ 32, v000001b28146d220_58, C4<00000000000000000000000000000000>, C4<00000000000000000000000000000000>, C4<00000000000000000000000000000000>;
v000001b28146c1e0_0 .net "tmp", 31 0, L_000001b281c900d0;  1 drivers
S_000001b281471510 .scope generate, "register[59]" "register[59]" 4 60, 4 60 0, S_000001b2813a2510;
 .timescale -6 -7;
P_000001b28140ac90 .param/l "idx" 0 4 60, +C4<0111011>;
v000001b28146d220_59 .array/port v000001b28146d220, 59;
L_000001b281c90610 .functor BUFZ 32, v000001b28146d220_59, C4<00000000000000000000000000000000>, C4<00000000000000000000000000000000>, C4<00000000000000000000000000000000>;
v000001b28146dea0_0 .net "tmp", 31 0, L_000001b281c90610;  1 drivers
S_000001b281470d40 .scope generate, "register[60]" "register[60]" 4 60, 4 60 0, S_000001b2813a2510;
 .timescale -6 -7;
P_000001b28140a4d0 .param/l "idx" 0 4 60, +C4<0111100>;
v000001b28146d220_60 .array/port v000001b28146d220, 60;
L_000001b281c90bc0 .functor BUFZ 32, v000001b28146d220_60, C4<00000000000000000000000000000000>, C4<00000000000000000000000000000000>, C4<00000000000000000000000000000000>;
v000001b28146c820_0 .net "tmp", 31 0, L_000001b281c90bc0;  1 drivers
S_000001b281470ed0 .scope generate, "register[61]" "register[61]" 4 60, 4 60 0, S_000001b2813a2510;
 .timescale -6 -7;
P_000001b28140a610 .param/l "idx" 0 4 60, +C4<0111101>;
v000001b28146d220_61 .array/port v000001b28146d220, 61;
L_000001b281c90840 .functor BUFZ 32, v000001b28146d220_61, C4<00000000000000000000000000000000>, C4<00000000000000000000000000000000>, C4<00000000000000000000000000000000>;
v000001b28146d540_0 .net "tmp", 31 0, L_000001b281c90840;  1 drivers
S_000001b281471060 .scope generate, "register[62]" "register[62]" 4 60, 4 60 0, S_000001b2813a2510;
 .timescale -6 -7;
P_000001b28140a790 .param/l "idx" 0 4 60, +C4<0111110>;
v000001b28146d220_62 .array/port v000001b28146d220, 62;
L_000001b281c90140 .functor BUFZ 32, v000001b28146d220_62, C4<00000000000000000000000000000000>, C4<00000000000000000000000000000000>, C4<00000000000000000000000000000000>;
v000001b28146df40_0 .net "tmp", 31 0, L_000001b281c90140;  1 drivers
S_000001b281471380 .scope generate, "register[63]" "register[63]" 4 60, 4 60 0, S_000001b2813a2510;
 .timescale -6 -7;
P_000001b28140a810 .param/l "idx" 0 4 60, +C4<0111111>;
v000001b28146d220_63 .array/port v000001b28146d220, 63;
L_000001b281c90d10 .functor BUFZ 32, v000001b28146d220_63, C4<00000000000000000000000000000000>, C4<00000000000000000000000000000000>, C4<00000000000000000000000000000000>;
v000001b28146c320_0 .net "tmp", 31 0, L_000001b281c90d10;  1 drivers
    .scope S_000001b2813dd180;
T_0 ;
    %wait E_000001b281409350;
    %load/vec4 v000001b28146ad00_0;
    %flag_set/vec4 8;
    %jmp/0xz  T_0.0, 8;
    %pushi/vec4 0, 0, 4;
    %assign/vec4 v000001b28146a940_0, 0;
    %pushi/vec4 0, 0, 16;
    %assign/vec4 v000001b2813e0bc0_0, 0;
    %jmp T_0.1;
T_0.0 ;
    %load/vec4 v000001b28146a940_0;
    %dup/vec4;
    %pushi/vec4 0, 0, 4;
    %cmp/u;
    %jmp/1 T_0.2, 6;
    %dup/vec4;
    %pushi/vec4 1, 0, 4;
    %cmp/u;
    %jmp/1 T_0.3, 6;
    %dup/vec4;
    %pushi/vec4 2, 0, 4;
    %cmp/u;
    %jmp/1 T_0.4, 6;
    %dup/vec4;
    %pushi/vec4 3, 0, 4;
    %cmp/u;
    %jmp/1 T_0.5, 6;
    %dup/vec4;
    %pushi/vec4 4, 0, 4;
    %cmp/u;
    %jmp/1 T_0.6, 6;
    %dup/vec4;
    %pushi/vec4 5, 0, 4;
    %cmp/u;
    %jmp/1 T_0.7, 6;
    %dup/vec4;
    %pushi/vec4 6, 0, 4;
    %cmp/u;
    %jmp/1 T_0.8, 6;
    %dup/vec4;
    %pushi/vec4 7, 0, 4;
    %cmp/u;
    %jmp/1 T_0.9, 6;
    %dup/vec4;
    %pushi/vec4 8, 0, 4;
    %cmp/u;
    %jmp/1 T_0.10, 6;
    %dup/vec4;
    %pushi/vec4 9, 0, 4;
    %cmp/u;
    %jmp/1 T_0.11, 6;
    %pushi/vec4 10, 0, 4;
    %assign/vec4 v000001b28146a940_0, 0;
    %jmp T_0.13;
T_0.2 ;
    %pushi/vec4 1, 0, 4;
    %assign/vec4 v000001b28146a940_0, 0;
    %load/vec4 v000001b2813e0bc0_0;
    %assign/vec4 v000001b2813dd310_0, 0;
    %jmp T_0.13;
T_0.3 ;
    %pushi/vec4 2, 0, 4;
    %assign/vec4 v000001b28146a940_0, 0;
    %load/vec4 v000001b2813e0bc0_0;
    %addi 1, 0, 16;
    %assign/vec4 v000001b2813e0bc0_0, 0;
    %load/vec4 v000001b2813dd3b0_0;
    %assign/vec4 v000001b2814157d0_0, 0;
    %jmp T_0.13;
T_0.4 ;
    %pushi/vec4 3, 0, 4;
    %assign/vec4 v000001b28146a940_0, 0;
    %load/vec4 v000001b2814157d0_0;
    %parti/s 5, 27, 6;
    %assign/vec4 v000001b2813e0da0_0, 0;
    %load/vec4 v000001b2814157d0_0;
    %parti/s 3, 24, 6;
    %assign/vec4 v000001b2813e0d00_0, 0;
    %jmp T_0.13;
T_0.5 ;
    %pushi/vec4 4, 0, 4;
    %assign/vec4 v000001b28146a940_0, 0;
    %load/vec4 v000001b2814157d0_0;
    %parti/s 8, 16, 6;
    %assign/vec4 v000001b2813e0e40_0, 0;
    %load/vec4 v000001b2814157d0_0;
    %parti/s 16, 0, 2;
    %assign/vec4 v000001b2813e0ee0_0, 0;
    %jmp T_0.13;
T_0.6 ;
    %pushi/vec4 5, 0, 4;
    %assign/vec4 v000001b28146a940_0, 0;
    %jmp T_0.13;
T_0.7 ;
    %pushi/vec4 6, 0, 4;
    %assign/vec4 v000001b28146a940_0, 0;
    %jmp T_0.13;
T_0.8 ;
    %pushi/vec4 7, 0, 4;
    %assign/vec4 v000001b28146a940_0, 0;
    %jmp T_0.13;
T_0.9 ;
    %pushi/vec4 8, 0, 4;
    %assign/vec4 v000001b28146a940_0, 0;
    %jmp T_0.13;
T_0.10 ;
    %pushi/vec4 9, 0, 4;
    %assign/vec4 v000001b28146a940_0, 0;
    %jmp T_0.13;
T_0.11 ;
    %pushi/vec4 0, 0, 4;
    %assign/vec4 v000001b28146a940_0, 0;
    %jmp T_0.13;
T_0.13 ;
    %pop/vec4 1;
T_0.1 ;
    %jmp T_0;
    .thread T_0;
    .scope S_000001b2813a2510;
T_1 ;
    %wait E_000001b281409150;
    %load/vec4 v000001b281486300_0;
    %flag_set/vec4 8;
    %jmp/0xz  T_1.0, 8;
    %load/vec4 v000001b28146d2c0_0;
    %load/vec4 v000001b28146d180_0;
    %pad/u 18;
    %ix/vec4 3;
    %ix/load 4, 0, 0; Constant delay
    %assign/vec4/a/d v000001b28146d220, 0, 4;
T_1.0 ;
    %jmp T_1;
    .thread T_1;
    .scope S_000001b2813a2510;
T_2 ;
    %pushi/vec4 0, 0, 32;
    %ix/load 4, 0, 0;
    %flag_set/imm 4, 0;
    %store/vec4a v000001b28146d220, 4, 0;
    %pushi/vec4 2181038080, 0, 32;
    %ix/load 4, 1, 0;
    %flag_set/imm 4, 0;
    %store/vec4a v000001b28146d220, 4, 0;
    %pushi/vec4 2315255808, 0, 32;
    %ix/load 4, 2, 0;
    %flag_set/imm 4, 0;
    %store/vec4a v000001b28146d220, 4, 0;
    %pushi/vec4 2449473536, 0, 32;
    %ix/load 4, 3, 0;
    %flag_set/imm 4, 0;
    %store/vec4a v000001b28146d220, 4, 0;
    %pushi/vec4 2717908992, 0, 32;
    %ix/load 4, 4, 0;
    %flag_set/imm 4, 0;
    %store/vec4a v000001b28146d220, 4, 0;
    %pushi/vec4 2852126720, 0, 32;
    %ix/load 4, 5, 0;
    %flag_set/imm 4, 0;
    %store/vec4a v000001b28146d220, 4, 0;
    %pushi/vec4 2986344448, 0, 32;
    %ix/load 4, 6, 0;
    %flag_set/imm 4, 0;
    %store/vec4a v000001b28146d220, 4, 0;
    %pushi/vec4 4160749568, 0, 32;
    %ix/load 4, 7, 0;
    %flag_set/imm 4, 0;
    %store/vec4a v000001b28146d220, 4, 0;
    %end;
    .thread T_2;
    .scope S_000001b2813dcff0;
T_3 ;
    %delay 5, 0;
    %load/vec4 v000001b2814845a0_0;
    %inv;
    %store/vec4 v000001b2814845a0_0, 0, 1;
    %jmp T_3;
    .thread T_3;
    .scope S_000001b2813dcff0;
T_4 ;
    %vpi_call 2 23 "$dumpfile", "CPU_y_Memoria.vcd" {0 0 0};
    %vpi_call 2 24 "$dumpvars" {0 0 0};
    %pushi/vec4 0, 0, 1;
    %store/vec4 v000001b2814845a0_0, 0, 1;
    %pushi/vec4 1, 0, 1;
    %store/vec4 v000001b2814863a0_0, 0, 1;
    %delay 10, 0;
    %pushi/vec4 0, 0, 1;
    %store/vec4 v000001b2814863a0_0, 0, 1;
    %delay 1280, 0;
    %vpi_call 2 27 "$finish" {0 0 0};
    %end;
    .thread T_4;
# The file index is used to find the file name in the following table.
:file_names 5;
    "N/A";
    "<interactive>";
    ".\cpu_tb.v";
    ".\cpu.v";
    ".\memoria.v";
