#! /c/Source/iverilog-install/bin/vvp
:ivl_version "12.0 (devel)" "(s20150603-1110-g18392a46)";
:ivl_delay_selection "TYPICAL";
:vpi_time_precision + 0;
:vpi_module "C:\iverilog\lib\ivl\system.vpi";
:vpi_module "C:\iverilog\lib\ivl\vhdl_sys.vpi";
:vpi_module "C:\iverilog\lib\ivl\vhdl_textio.vpi";
:vpi_module "C:\iverilog\lib\ivl\v2005_math.vpi";
:vpi_module "C:\iverilog\lib\ivl\va_math.vpi";
S_000001ea54d825e0 .scope module, "Mem_D32b_A16b" "Mem_D32b_A16b" 2 18;
 .timescale 0 0;
    .port_info 0 /OUTPUT 32 "data_out";
    .port_info 1 /INPUT 32 "data_in";
    .port_info 2 /INPUT 16 "address";
    .port_info 3 /INPUT 1 "write";
    .port_info 4 /INPUT 1 "clk";
P_000001ea54db0920 .param/l "BITS_ADDR" 0 2 20, +C4<00000000000000000000000000010000>;
P_000001ea54db0958 .param/l "BITS_DATA" 0 2 19, +C4<00000000000000000000000000100000>;
L_000001ea55896eb0 .functor BUFZ 32, L_000001ea54e3b8f0, C4<00000000000000000000000000000000>, C4<00000000000000000000000000000000>, C4<00000000000000000000000000000000>;
v000001ea54e3c1b0_0 .net *"_ivl_0", 31 0, L_000001ea54e3b8f0;  1 drivers
v000001ea54e3b670_0 .net *"_ivl_2", 17 0, L_000001ea54e3bdf0;  1 drivers
L_000001ea5584e9f8 .functor BUFT 1, C4<00>, C4<0>, C4<0>, C4<0>;
v000001ea54e3c6b0_0 .net *"_ivl_5", 1 0, L_000001ea5584e9f8;  1 drivers
o000001ea54de1b98 .functor BUFZ 16, C4<zzzzzzzzzzzzzzzz>; HiZ drive
v000001ea54e3c750_0 .net "address", 15 0, o000001ea54de1b98;  0 drivers
o000001ea54de1bc8 .functor BUFZ 1, C4<z>; HiZ drive
v000001ea54e3b2b0_0 .net "clk", 0 0, o000001ea54de1bc8;  0 drivers
v000001ea54e3b710 .array "data", 0 65535, 31 0;
o000001ea557fad08 .functor BUFZ 32, C4<zzzzzzzzzzzzzzzzzzzzzzzzzzzzzzzz>; HiZ drive
v000001ea54e3bd50_0 .net "data_in", 31 0, o000001ea557fad08;  0 drivers
v000001ea54e3c2f0_0 .net "data_out", 31 0, L_000001ea55896eb0;  1 drivers
o000001ea557fad68 .functor BUFZ 1, C4<z>; HiZ drive
v000001ea54e3c890_0 .net "write", 0 0, o000001ea557fad68;  0 drivers
E_000001ea54ddd3e0 .event negedge, v000001ea54e3b2b0_0;
L_000001ea54e3b8f0 .array/port v000001ea54e3b710, L_000001ea54e3bdf0;
L_000001ea54e3bdf0 .concat [ 16 2 0 0], o000001ea54de1b98, L_000001ea5584e9f8;
S_000001ea54d82770 .scope generate, "register[0]" "register[0]" 2 58, 2 58 0, S_000001ea54d825e0;
 .timescale 0 0;
P_000001ea54ddcf60 .param/l "idx" 0 2 58, +C4<00>;
v000001ea54e3b710_0 .array/port v000001ea54e3b710, 0;
L_000001ea54dcd2a0 .functor BUFZ 32, v000001ea54e3b710_0, C4<00000000000000000000000000000000>, C4<00000000000000000000000000000000>, C4<00000000000000000000000000000000>;
v000001ea54d82e00_0 .net "tmp", 31 0, L_000001ea54dcd2a0;  1 drivers
S_000001ea54dd30c0 .scope generate, "register[1]" "register[1]" 2 58, 2 58 0, S_000001ea54d825e0;
 .timescale 0 0;
P_000001ea54ddc920 .param/l "idx" 0 2 58, +C4<01>;
v000001ea54e3b710_1 .array/port v000001ea54e3b710, 1;
L_000001ea54dcd310 .functor BUFZ 32, v000001ea54e3b710_1, C4<00000000000000000000000000000000>, C4<00000000000000000000000000000000>, C4<00000000000000000000000000000000>;
v000001ea54d82900_0 .net "tmp", 31 0, L_000001ea54dcd310;  1 drivers
S_000001ea54dd3250 .scope generate, "register[2]" "register[2]" 2 58, 2 58 0, S_000001ea54d825e0;
 .timescale 0 0;
P_000001ea54ddc960 .param/l "idx" 0 2 58, +C4<010>;
v000001ea54e3b710_2 .array/port v000001ea54e3b710, 2;
L_000001ea54dcd5c0 .functor BUFZ 32, v000001ea54e3b710_2, C4<00000000000000000000000000000000>, C4<00000000000000000000000000000000>, C4<00000000000000000000000000000000>;
v000001ea54dd33e0_0 .net "tmp", 31 0, L_000001ea54dcd5c0;  1 drivers
S_000001ea54dd3480 .scope generate, "register[3]" "register[3]" 2 58, 2 58 0, S_000001ea54d825e0;
 .timescale 0 0;
P_000001ea54ddd0e0 .param/l "idx" 0 2 58, +C4<011>;
v000001ea54e3b710_3 .array/port v000001ea54e3b710, 3;
L_000001ea54dcd630 .functor BUFZ 32, v000001ea54e3b710_3, C4<00000000000000000000000000000000>, C4<00000000000000000000000000000000>, C4<00000000000000000000000000000000>;
v000001ea54dd3610_0 .net "tmp", 31 0, L_000001ea54dcd630;  1 drivers
S_000001ea54dd36b0 .scope generate, "register[4]" "register[4]" 2 58, 2 58 0, S_000001ea54d825e0;
 .timescale 0 0;
P_000001ea54ddcb60 .param/l "idx" 0 2 58, +C4<0100>;
v000001ea54e3b710_4 .array/port v000001ea54e3b710, 4;
L_000001ea54dcd6a0 .functor BUFZ 32, v000001ea54e3b710_4, C4<00000000000000000000000000000000>, C4<00000000000000000000000000000000>, C4<00000000000000000000000000000000>;
v000001ea54dd9510_0 .net "tmp", 31 0, L_000001ea54dcd6a0;  1 drivers
S_000001ea54dd95b0 .scope generate, "register[5]" "register[5]" 2 58, 2 58 0, S_000001ea54d825e0;
 .timescale 0 0;
P_000001ea54ddcae0 .param/l "idx" 0 2 58, +C4<0101>;
v000001ea54e3b710_5 .array/port v000001ea54e3b710, 5;
L_000001ea54dcd710 .functor BUFZ 32, v000001ea54e3b710_5, C4<00000000000000000000000000000000>, C4<00000000000000000000000000000000>, C4<00000000000000000000000000000000>;
v000001ea54dd9740_0 .net "tmp", 31 0, L_000001ea54dcd710;  1 drivers
S_000001ea54dd97e0 .scope generate, "register[6]" "register[6]" 2 58, 2 58 0, S_000001ea54d825e0;
 .timescale 0 0;
P_000001ea54ddd1e0 .param/l "idx" 0 2 58, +C4<0110>;
v000001ea54e3b710_6 .array/port v000001ea54e3b710, 6;
L_000001ea54dcd780 .functor BUFZ 32, v000001ea54e3b710_6, C4<00000000000000000000000000000000>, C4<00000000000000000000000000000000>, C4<00000000000000000000000000000000>;
v000001ea54dd9970_0 .net "tmp", 31 0, L_000001ea54dcd780;  1 drivers
S_000001ea54dd9a10 .scope generate, "register[7]" "register[7]" 2 58, 2 58 0, S_000001ea54d825e0;
 .timescale 0 0;
P_000001ea54ddcfe0 .param/l "idx" 0 2 58, +C4<0111>;
v000001ea54e3b710_7 .array/port v000001ea54e3b710, 7;
L_000001ea54dcd7f0 .functor BUFZ 32, v000001ea54e3b710_7, C4<00000000000000000000000000000000>, C4<00000000000000000000000000000000>, C4<00000000000000000000000000000000>;
v000001ea54dd9ba0_0 .net "tmp", 31 0, L_000001ea54dcd7f0;  1 drivers
S_000001ea54dd9c40 .scope generate, "register[8]" "register[8]" 2 58, 2 58 0, S_000001ea54d825e0;
 .timescale 0 0;
P_000001ea54ddc9a0 .param/l "idx" 0 2 58, +C4<01000>;
v000001ea54e3b710_8 .array/port v000001ea54e3b710, 8;
L_000001ea5584e020 .functor BUFZ 32, v000001ea54e3b710_8, C4<00000000000000000000000000000000>, C4<00000000000000000000000000000000>, C4<00000000000000000000000000000000>;
v000001ea54dd9dd0_0 .net "tmp", 31 0, L_000001ea5584e020;  1 drivers
S_000001ea54dd9e70 .scope generate, "register[9]" "register[9]" 2 58, 2 58 0, S_000001ea54d825e0;
 .timescale 0 0;
P_000001ea54ddd1a0 .param/l "idx" 0 2 58, +C4<01001>;
v000001ea54e3b710_9 .array/port v000001ea54e3b710, 9;
L_000001ea5584e090 .functor BUFZ 32, v000001ea54e3b710_9, C4<00000000000000000000000000000000>, C4<00000000000000000000000000000000>, C4<00000000000000000000000000000000>;
v000001ea54dda000_0 .net "tmp", 31 0, L_000001ea5584e090;  1 drivers
S_000001ea54dda0a0 .scope generate, "register[10]" "register[10]" 2 58, 2 58 0, S_000001ea54d825e0;
 .timescale 0 0;
P_000001ea54ddc5a0 .param/l "idx" 0 2 58, +C4<01010>;
v000001ea54e3b710_10 .array/port v000001ea54e3b710, 10;
L_000001ea5584e100 .functor BUFZ 32, v000001ea54e3b710_10, C4<00000000000000000000000000000000>, C4<00000000000000000000000000000000>, C4<00000000000000000000000000000000>;
v000001ea54dda230_0 .net "tmp", 31 0, L_000001ea5584e100;  1 drivers
S_000001ea54dda2d0 .scope generate, "register[11]" "register[11]" 2 58, 2 58 0, S_000001ea54d825e0;
 .timescale 0 0;
P_000001ea54ddcba0 .param/l "idx" 0 2 58, +C4<01011>;
v000001ea54e3b710_11 .array/port v000001ea54e3b710, 11;
L_000001ea5584e170 .functor BUFZ 32, v000001ea54e3b710_11, C4<00000000000000000000000000000000>, C4<00000000000000000000000000000000>, C4<00000000000000000000000000000000>;
v000001ea54dda460_0 .net "tmp", 31 0, L_000001ea5584e170;  1 drivers
S_000001ea54dccc60 .scope generate, "register[12]" "register[12]" 2 58, 2 58 0, S_000001ea54d825e0;
 .timescale 0 0;
P_000001ea54ddd160 .param/l "idx" 0 2 58, +C4<01100>;
v000001ea54e3b710_12 .array/port v000001ea54e3b710, 12;
L_000001ea5584e8c0 .functor BUFZ 32, v000001ea54e3b710_12, C4<00000000000000000000000000000000>, C4<00000000000000000000000000000000>, C4<00000000000000000000000000000000>;
v000001ea54e35450_0 .net "tmp", 31 0, L_000001ea5584e8c0;  1 drivers
S_000001ea54dccdf0 .scope generate, "register[13]" "register[13]" 2 58, 2 58 0, S_000001ea54d825e0;
 .timescale 0 0;
P_000001ea54ddcc60 .param/l "idx" 0 2 58, +C4<01101>;
v000001ea54e3b710_13 .array/port v000001ea54e3b710, 13;
L_000001ea5584e620 .functor BUFZ 32, v000001ea54e3b710_13, C4<00000000000000000000000000000000>, C4<00000000000000000000000000000000>, C4<00000000000000000000000000000000>;
v000001ea54e35590_0 .net "tmp", 31 0, L_000001ea5584e620;  1 drivers
S_000001ea54dccf80 .scope generate, "register[14]" "register[14]" 2 58, 2 58 0, S_000001ea54d825e0;
 .timescale 0 0;
P_000001ea54ddc5e0 .param/l "idx" 0 2 58, +C4<01110>;
v000001ea54e3b710_14 .array/port v000001ea54e3b710, 14;
L_000001ea5584e4d0 .functor BUFZ 32, v000001ea54e3b710_14, C4<00000000000000000000000000000000>, C4<00000000000000000000000000000000>, C4<00000000000000000000000000000000>;
v000001ea54e354f0_0 .net "tmp", 31 0, L_000001ea5584e4d0;  1 drivers
S_000001ea54dcd110 .scope generate, "register[15]" "register[15]" 2 58, 2 58 0, S_000001ea54d825e0;
 .timescale 0 0;
P_000001ea54ddd2e0 .param/l "idx" 0 2 58, +C4<01111>;
v000001ea54e3b710_15 .array/port v000001ea54e3b710, 15;
L_000001ea5584e540 .functor BUFZ 32, v000001ea54e3b710_15, C4<00000000000000000000000000000000>, C4<00000000000000000000000000000000>, C4<00000000000000000000000000000000>;
v000001ea54e35630_0 .net "tmp", 31 0, L_000001ea5584e540;  1 drivers
S_000001ea54e364b0 .scope generate, "register[16]" "register[16]" 2 58, 2 58 0, S_000001ea54d825e0;
 .timescale 0 0;
P_000001ea54ddd320 .param/l "idx" 0 2 58, +C4<010000>;
v000001ea54e3b710_16 .array/port v000001ea54e3b710, 16;
L_000001ea5584e3f0 .functor BUFZ 32, v000001ea54e3b710_16, C4<00000000000000000000000000000000>, C4<00000000000000000000000000000000>, C4<00000000000000000000000000000000>;
v000001ea54e356d0_0 .net "tmp", 31 0, L_000001ea5584e3f0;  1 drivers
S_000001ea54e36e10 .scope generate, "register[17]" "register[17]" 2 58, 2 58 0, S_000001ea54d825e0;
 .timescale 0 0;
P_000001ea54ddd420 .param/l "idx" 0 2 58, +C4<010001>;
v000001ea54e3b710_17 .array/port v000001ea54e3b710, 17;
L_000001ea5584e700 .functor BUFZ 32, v000001ea54e3b710_17, C4<00000000000000000000000000000000>, C4<00000000000000000000000000000000>, C4<00000000000000000000000000000000>;
v000001ea54e359f0_0 .net "tmp", 31 0, L_000001ea5584e700;  1 drivers
S_000001ea54e36320 .scope generate, "register[18]" "register[18]" 2 58, 2 58 0, S_000001ea54d825e0;
 .timescale 0 0;
P_000001ea54ddcd60 .param/l "idx" 0 2 58, +C4<010010>;
v000001ea54e3b710_18 .array/port v000001ea54e3b710, 18;
L_000001ea5584e7e0 .functor BUFZ 32, v000001ea54e3b710_18, C4<00000000000000000000000000000000>, C4<00000000000000000000000000000000>, C4<00000000000000000000000000000000>;
v000001ea54e35090_0 .net "tmp", 31 0, L_000001ea5584e7e0;  1 drivers
S_000001ea54e36960 .scope generate, "register[19]" "register[19]" 2 58, 2 58 0, S_000001ea54d825e0;
 .timescale 0 0;
P_000001ea54ddc9e0 .param/l "idx" 0 2 58, +C4<010011>;
v000001ea54e3b710_19 .array/port v000001ea54e3b710, 19;
L_000001ea5584e460 .functor BUFZ 32, v000001ea54e3b710_19, C4<00000000000000000000000000000000>, C4<00000000000000000000000000000000>, C4<00000000000000000000000000000000>;
v000001ea54e35e50_0 .net "tmp", 31 0, L_000001ea5584e460;  1 drivers
S_000001ea54e36640 .scope generate, "register[20]" "register[20]" 2 58, 2 58 0, S_000001ea54d825e0;
 .timescale 0 0;
P_000001ea54ddca60 .param/l "idx" 0 2 58, +C4<010100>;
v000001ea54e3b710_20 .array/port v000001ea54e3b710, 20;
L_000001ea5584e2a0 .functor BUFZ 32, v000001ea54e3b710_20, C4<00000000000000000000000000000000>, C4<00000000000000000000000000000000>, C4<00000000000000000000000000000000>;
v000001ea54e358b0_0 .net "tmp", 31 0, L_000001ea5584e2a0;  1 drivers
S_000001ea54e367d0 .scope generate, "register[21]" "register[21]" 2 58, 2 58 0, S_000001ea54d825e0;
 .timescale 0 0;
P_000001ea54ddcde0 .param/l "idx" 0 2 58, +C4<010101>;
v000001ea54e3b710_21 .array/port v000001ea54e3b710, 21;
L_000001ea5584e850 .functor BUFZ 32, v000001ea54e3b710_21, C4<00000000000000000000000000000000>, C4<00000000000000000000000000000000>, C4<00000000000000000000000000000000>;
v000001ea54e35a90_0 .net "tmp", 31 0, L_000001ea5584e850;  1 drivers
S_000001ea54e36af0 .scope generate, "register[22]" "register[22]" 2 58, 2 58 0, S_000001ea54d825e0;
 .timescale 0 0;
P_000001ea54ddc7a0 .param/l "idx" 0 2 58, +C4<010110>;
v000001ea54e3b710_22 .array/port v000001ea54e3b710, 22;
L_000001ea5584e770 .functor BUFZ 32, v000001ea54e3b710_22, C4<00000000000000000000000000000000>, C4<00000000000000000000000000000000>, C4<00000000000000000000000000000000>;
v000001ea54e35b30_0 .net "tmp", 31 0, L_000001ea5584e770;  1 drivers
S_000001ea54e36c80 .scope generate, "register[23]" "register[23]" 2 58, 2 58 0, S_000001ea54d825e0;
 .timescale 0 0;
P_000001ea54ddd360 .param/l "idx" 0 2 58, +C4<010111>;
v000001ea54e3b710_23 .array/port v000001ea54e3b710, 23;
L_000001ea5584e310 .functor BUFZ 32, v000001ea54e3b710_23, C4<00000000000000000000000000000000>, C4<00000000000000000000000000000000>, C4<00000000000000000000000000000000>;
v000001ea54e35bd0_0 .net "tmp", 31 0, L_000001ea5584e310;  1 drivers
S_000001ea54e36000 .scope generate, "register[24]" "register[24]" 2 58, 2 58 0, S_000001ea54d825e0;
 .timescale 0 0;
P_000001ea54ddcaa0 .param/l "idx" 0 2 58, +C4<011000>;
v000001ea54e3b710_24 .array/port v000001ea54e3b710, 24;
L_000001ea5584e930 .functor BUFZ 32, v000001ea54e3b710_24, C4<00000000000000000000000000000000>, C4<00000000000000000000000000000000>, C4<00000000000000000000000000000000>;
v000001ea54e35950_0 .net "tmp", 31 0, L_000001ea5584e930;  1 drivers
S_000001ea54e36190 .scope generate, "register[25]" "register[25]" 2 58, 2 58 0, S_000001ea54d825e0;
 .timescale 0 0;
P_000001ea54ddcc20 .param/l "idx" 0 2 58, +C4<011001>;
v000001ea54e3b710_25 .array/port v000001ea54e3b710, 25;
L_000001ea5584e5b0 .functor BUFZ 32, v000001ea54e3b710_25, C4<00000000000000000000000000000000>, C4<00000000000000000000000000000000>, C4<00000000000000000000000000000000>;
v000001ea54e35c70_0 .net "tmp", 31 0, L_000001ea5584e5b0;  1 drivers
S_000001ea54e37010 .scope generate, "register[26]" "register[26]" 2 58, 2 58 0, S_000001ea54d825e0;
 .timescale 0 0;
P_000001ea54ddce20 .param/l "idx" 0 2 58, +C4<011010>;
v000001ea54e3b710_26 .array/port v000001ea54e3b710, 26;
L_000001ea5584e380 .functor BUFZ 32, v000001ea54e3b710_26, C4<00000000000000000000000000000000>, C4<00000000000000000000000000000000>, C4<00000000000000000000000000000000>;
v000001ea54e351d0_0 .net "tmp", 31 0, L_000001ea5584e380;  1 drivers
S_000001ea54e38aa0 .scope generate, "register[27]" "register[27]" 2 58, 2 58 0, S_000001ea54d825e0;
 .timescale 0 0;
P_000001ea54ddd3a0 .param/l "idx" 0 2 58, +C4<011011>;
v000001ea54e3b710_27 .array/port v000001ea54e3b710, 27;
L_000001ea5584e690 .functor BUFZ 32, v000001ea54e3b710_27, C4<00000000000000000000000000000000>, C4<00000000000000000000000000000000>, C4<00000000000000000000000000000000>;
v000001ea54e35d10_0 .net "tmp", 31 0, L_000001ea5584e690;  1 drivers
S_000001ea54e371a0 .scope generate, "register[28]" "register[28]" 2 58, 2 58 0, S_000001ea54d825e0;
 .timescale 0 0;
P_000001ea54ddc6e0 .param/l "idx" 0 2 58, +C4<011100>;
v000001ea54e3b710_28 .array/port v000001ea54e3b710, 28;
L_000001ea5584e230 .functor BUFZ 32, v000001ea54e3b710_28, C4<00000000000000000000000000000000>, C4<00000000000000000000000000000000>, C4<00000000000000000000000000000000>;
v000001ea54e35130_0 .net "tmp", 31 0, L_000001ea5584e230;  1 drivers
S_000001ea54e37fb0 .scope generate, "register[29]" "register[29]" 2 58, 2 58 0, S_000001ea54d825e0;
 .timescale 0 0;
P_000001ea54ddd460 .param/l "idx" 0 2 58, +C4<011101>;
v000001ea54e3b710_29 .array/port v000001ea54e3b710, 29;
L_000001ea55670e70 .functor BUFZ 32, v000001ea54e3b710_29, C4<00000000000000000000000000000000>, C4<00000000000000000000000000000000>, C4<00000000000000000000000000000000>;
v000001ea54e35db0_0 .net "tmp", 31 0, L_000001ea55670e70;  1 drivers
S_000001ea54e374c0 .scope generate, "register[30]" "register[30]" 2 58, 2 58 0, S_000001ea54d825e0;
 .timescale 0 0;
P_000001ea54ddcca0 .param/l "idx" 0 2 58, +C4<011110>;
v000001ea54e3b710_30 .array/port v000001ea54e3b710, 30;
L_000001ea55670a80 .functor BUFZ 32, v000001ea54e3b710_30, C4<00000000000000000000000000000000>, C4<00000000000000000000000000000000>, C4<00000000000000000000000000000000>;
v000001ea54e35770_0 .net "tmp", 31 0, L_000001ea55670a80;  1 drivers
S_000001ea54e37c90 .scope generate, "register[31]" "register[31]" 2 58, 2 58 0, S_000001ea54d825e0;
 .timescale 0 0;
P_000001ea54ddcce0 .param/l "idx" 0 2 58, +C4<011111>;
v000001ea54e3b710_31 .array/port v000001ea54e3b710, 31;
L_000001ea55670930 .functor BUFZ 32, v000001ea54e3b710_31, C4<00000000000000000000000000000000>, C4<00000000000000000000000000000000>, C4<00000000000000000000000000000000>;
v000001ea54e34ff0_0 .net "tmp", 31 0, L_000001ea55670930;  1 drivers
S_000001ea54e38140 .scope generate, "register[32]" "register[32]" 2 58, 2 58 0, S_000001ea54d825e0;
 .timescale 0 0;
P_000001ea54ddcda0 .param/l "idx" 0 2 58, +C4<0100000>;
v000001ea54e3b710_32 .array/port v000001ea54e3b710, 32;
L_000001ea55670ee0 .functor BUFZ 32, v000001ea54e3b710_32, C4<00000000000000000000000000000000>, C4<00000000000000000000000000000000>, C4<00000000000000000000000000000000>;
v000001ea54e353b0_0 .net "tmp", 31 0, L_000001ea55670ee0;  1 drivers
S_000001ea54e37970 .scope generate, "register[33]" "register[33]" 2 58, 2 58 0, S_000001ea54d825e0;
 .timescale 0 0;
P_000001ea54ddcea0 .param/l "idx" 0 2 58, +C4<0100001>;
v000001ea54e3b710_33 .array/port v000001ea54e3b710, 33;
L_000001ea556704d0 .functor BUFZ 32, v000001ea54e3b710_33, C4<00000000000000000000000000000000>, C4<00000000000000000000000000000000>, C4<00000000000000000000000000000000>;
v000001ea54e35ef0_0 .net "tmp", 31 0, L_000001ea556704d0;  1 drivers
S_000001ea54e38460 .scope generate, "register[34]" "register[34]" 2 58, 2 58 0, S_000001ea54d825e0;
 .timescale 0 0;
P_000001ea54ddc620 .param/l "idx" 0 2 58, +C4<0100010>;
v000001ea54e3b710_34 .array/port v000001ea54e3b710, 34;
L_000001ea55670e00 .functor BUFZ 32, v000001ea54e3b710_34, C4<00000000000000000000000000000000>, C4<00000000000000000000000000000000>, C4<00000000000000000000000000000000>;
v000001ea54e35310_0 .net "tmp", 31 0, L_000001ea55670e00;  1 drivers
S_000001ea54e37650 .scope generate, "register[35]" "register[35]" 2 58, 2 58 0, S_000001ea54d825e0;
 .timescale 0 0;
P_000001ea54ddcee0 .param/l "idx" 0 2 58, +C4<0100011>;
v000001ea54e3b710_35 .array/port v000001ea54e3b710, 35;
L_000001ea556701c0 .functor BUFZ 32, v000001ea54e3b710_35, C4<00000000000000000000000000000000>, C4<00000000000000000000000000000000>, C4<00000000000000000000000000000000>;
v000001ea54e35810_0 .net "tmp", 31 0, L_000001ea556701c0;  1 drivers
S_000001ea54e38910 .scope generate, "register[36]" "register[36]" 2 58, 2 58 0, S_000001ea54d825e0;
 .timescale 0 0;
P_000001ea54ddc6a0 .param/l "idx" 0 2 58, +C4<0100100>;
v000001ea54e3b710_36 .array/port v000001ea54e3b710, 36;
L_000001ea55670f50 .functor BUFZ 32, v000001ea54e3b710_36, C4<00000000000000000000000000000000>, C4<00000000000000000000000000000000>, C4<00000000000000000000000000000000>;
v000001ea54e35270_0 .net "tmp", 31 0, L_000001ea55670f50;  1 drivers
S_000001ea54e377e0 .scope generate, "register[37]" "register[37]" 2 58, 2 58 0, S_000001ea54d825e0;
 .timescale 0 0;
P_000001ea54dd55c0 .param/l "idx" 0 2 58, +C4<0100101>;
v000001ea54e3b710_37 .array/port v000001ea54e3b710, 37;
L_000001ea55670c40 .functor BUFZ 32, v000001ea54e3b710_37, C4<00000000000000000000000000000000>, C4<00000000000000000000000000000000>, C4<00000000000000000000000000000000>;
v000001ea54e3b7b0_0 .net "tmp", 31 0, L_000001ea55670c40;  1 drivers
S_000001ea54e37e20 .scope generate, "register[38]" "register[38]" 2 58, 2 58 0, S_000001ea54d825e0;
 .timescale 0 0;
P_000001ea54dd4b80 .param/l "idx" 0 2 58, +C4<0100110>;
v000001ea54e3b710_38 .array/port v000001ea54e3b710, 38;
L_000001ea55670700 .functor BUFZ 32, v000001ea54e3b710_38, C4<00000000000000000000000000000000>, C4<00000000000000000000000000000000>, C4<00000000000000000000000000000000>;
v000001ea54e3c7f0_0 .net "tmp", 31 0, L_000001ea55670700;  1 drivers
S_000001ea54e38c30 .scope generate, "register[39]" "register[39]" 2 58, 2 58 0, S_000001ea54d825e0;
 .timescale 0 0;
P_000001ea54dd4bc0 .param/l "idx" 0 2 58, +C4<0100111>;
v000001ea54e3b710_39 .array/port v000001ea54e3b710, 39;
L_000001ea556709a0 .functor BUFZ 32, v000001ea54e3b710_39, C4<00000000000000000000000000000000>, C4<00000000000000000000000000000000>, C4<00000000000000000000000000000000>;
v000001ea54e3b490_0 .net "tmp", 31 0, L_000001ea556709a0;  1 drivers
S_000001ea54e382d0 .scope generate, "register[40]" "register[40]" 2 58, 2 58 0, S_000001ea54d825e0;
 .timescale 0 0;
P_000001ea54dd4c00 .param/l "idx" 0 2 58, +C4<0101000>;
v000001ea54e3b710_40 .array/port v000001ea54e3b710, 40;
L_000001ea55670460 .functor BUFZ 32, v000001ea54e3b710_40, C4<00000000000000000000000000000000>, C4<00000000000000000000000000000000>, C4<00000000000000000000000000000000>;
v000001ea54e3b990_0 .net "tmp", 31 0, L_000001ea55670460;  1 drivers
S_000001ea54e37b00 .scope generate, "register[41]" "register[41]" 2 58, 2 58 0, S_000001ea54d825e0;
 .timescale 0 0;
P_000001ea54dd4e80 .param/l "idx" 0 2 58, +C4<0101001>;
v000001ea54e3b710_41 .array/port v000001ea54e3b710, 41;
L_000001ea556703f0 .functor BUFZ 32, v000001ea54e3b710_41, C4<00000000000000000000000000000000>, C4<00000000000000000000000000000000>, C4<00000000000000000000000000000000>;
v000001ea54e3c930_0 .net "tmp", 31 0, L_000001ea556703f0;  1 drivers
S_000001ea54e37330 .scope generate, "register[42]" "register[42]" 2 58, 2 58 0, S_000001ea54d825e0;
 .timescale 0 0;
P_000001ea54dd52c0 .param/l "idx" 0 2 58, +C4<0101010>;
v000001ea54e3b710_42 .array/port v000001ea54e3b710, 42;
L_000001ea55670230 .functor BUFZ 32, v000001ea54e3b710_42, C4<00000000000000000000000000000000>, C4<00000000000000000000000000000000>, C4<00000000000000000000000000000000>;
v000001ea54e3be90_0 .net "tmp", 31 0, L_000001ea55670230;  1 drivers
S_000001ea54e385f0 .scope generate, "register[43]" "register[43]" 2 58, 2 58 0, S_000001ea54d825e0;
 .timescale 0 0;
P_000001ea54dd5480 .param/l "idx" 0 2 58, +C4<0101011>;
v000001ea54e3b710_43 .array/port v000001ea54e3b710, 43;
L_000001ea55670af0 .functor BUFZ 32, v000001ea54e3b710_43, C4<00000000000000000000000000000000>, C4<00000000000000000000000000000000>, C4<00000000000000000000000000000000>;
v000001ea54e3bc10_0 .net "tmp", 31 0, L_000001ea55670af0;  1 drivers
S_000001ea54e38780 .scope generate, "register[44]" "register[44]" 2 58, 2 58 0, S_000001ea54d825e0;
 .timescale 0 0;
P_000001ea54dd4fc0 .param/l "idx" 0 2 58, +C4<0101100>;
v000001ea54e3b710_44 .array/port v000001ea54e3b710, 44;
L_000001ea55670540 .functor BUFZ 32, v000001ea54e3b710_44, C4<00000000000000000000000000000000>, C4<00000000000000000000000000000000>, C4<00000000000000000000000000000000>;
v000001ea54e3bb70_0 .net "tmp", 31 0, L_000001ea55670540;  1 drivers
S_000001ea54e38dc0 .scope generate, "register[45]" "register[45]" 2 58, 2 58 0, S_000001ea54d825e0;
 .timescale 0 0;
P_000001ea54dd54c0 .param/l "idx" 0 2 58, +C4<0101101>;
v000001ea54e3b710_45 .array/port v000001ea54e3b710, 45;
L_000001ea556702a0 .functor BUFZ 32, v000001ea54e3b710_45, C4<00000000000000000000000000000000>, C4<00000000000000000000000000000000>, C4<00000000000000000000000000000000>;
v000001ea54e3c4d0_0 .net "tmp", 31 0, L_000001ea556702a0;  1 drivers
S_000001ea54e3d9a0 .scope generate, "register[46]" "register[46]" 2 58, 2 58 0, S_000001ea54d825e0;
 .timescale 0 0;
P_000001ea54dd4d80 .param/l "idx" 0 2 58, +C4<0101110>;
v000001ea54e3b710_46 .array/port v000001ea54e3b710, 46;
L_000001ea55670bd0 .functor BUFZ 32, v000001ea54e3b710_46, C4<00000000000000000000000000000000>, C4<00000000000000000000000000000000>, C4<00000000000000000000000000000000>;
v000001ea54e3c070_0 .net "tmp", 31 0, L_000001ea55670bd0;  1 drivers
S_000001ea54e3e170 .scope generate, "register[47]" "register[47]" 2 58, 2 58 0, S_000001ea54d825e0;
 .timescale 0 0;
P_000001ea54dd5240 .param/l "idx" 0 2 58, +C4<0101111>;
v000001ea54e3b710_47 .array/port v000001ea54e3b710, 47;
L_000001ea55670b60 .functor BUFZ 32, v000001ea54e3b710_47, C4<00000000000000000000000000000000>, C4<00000000000000000000000000000000>, C4<00000000000000000000000000000000>;
v000001ea54e3b210_0 .net "tmp", 31 0, L_000001ea55670b60;  1 drivers
S_000001ea54e3e490 .scope generate, "register[48]" "register[48]" 2 58, 2 58 0, S_000001ea54d825e0;
 .timescale 0 0;
P_000001ea54dd4940 .param/l "idx" 0 2 58, +C4<0110000>;
v000001ea54e3b710_48 .array/port v000001ea54e3b710, 48;
L_000001ea55670d20 .functor BUFZ 32, v000001ea54e3b710_48, C4<00000000000000000000000000000000>, C4<00000000000000000000000000000000>, C4<00000000000000000000000000000000>;
v000001ea54e3b530_0 .net "tmp", 31 0, L_000001ea55670d20;  1 drivers
S_000001ea54e3e940 .scope generate, "register[49]" "register[49]" 2 58, 2 58 0, S_000001ea54d825e0;
 .timescale 0 0;
P_000001ea54dd5540 .param/l "idx" 0 2 58, +C4<0110001>;
v000001ea54e3b710_49 .array/port v000001ea54e3b710, 49;
L_000001ea556705b0 .functor BUFZ 32, v000001ea54e3b710_49, C4<00000000000000000000000000000000>, C4<00000000000000000000000000000000>, C4<00000000000000000000000000000000>;
v000001ea54e3c9d0_0 .net "tmp", 31 0, L_000001ea556705b0;  1 drivers
S_000001ea54e3ec60 .scope generate, "register[50]" "register[50]" 2 58, 2 58 0, S_000001ea54d825e0;
 .timescale 0 0;
P_000001ea54dd4e40 .param/l "idx" 0 2 58, +C4<0110010>;
v000001ea54e3b710_50 .array/port v000001ea54e3b710, 50;
L_000001ea55670620 .functor BUFZ 32, v000001ea54e3b710_50, C4<00000000000000000000000000000000>, C4<00000000000000000000000000000000>, C4<00000000000000000000000000000000>;
v000001ea54e3ce30_0 .net "tmp", 31 0, L_000001ea55670620;  1 drivers
S_000001ea54e3d040 .scope generate, "register[51]" "register[51]" 2 58, 2 58 0, S_000001ea54d825e0;
 .timescale 0 0;
P_000001ea54dd50c0 .param/l "idx" 0 2 58, +C4<0110011>;
v000001ea54e3b710_51 .array/port v000001ea54e3b710, 51;
L_000001ea556707e0 .functor BUFZ 32, v000001ea54e3b710_51, C4<00000000000000000000000000000000>, C4<00000000000000000000000000000000>, C4<00000000000000000000000000000000>;
v000001ea54e3c610_0 .net "tmp", 31 0, L_000001ea556707e0;  1 drivers
S_000001ea54e3d1d0 .scope generate, "register[52]" "register[52]" 2 58, 2 58 0, S_000001ea54d825e0;
 .timescale 0 0;
P_000001ea54dd4980 .param/l "idx" 0 2 58, +C4<0110100>;
v000001ea54e3b710_52 .array/port v000001ea54e3b710, 52;
L_000001ea55670070 .functor BUFZ 32, v000001ea54e3b710_52, C4<00000000000000000000000000000000>, C4<00000000000000000000000000000000>, C4<00000000000000000000000000000000>;
v000001ea54e3b850_0 .net "tmp", 31 0, L_000001ea55670070;  1 drivers
S_000001ea54e3dcc0 .scope generate, "register[53]" "register[53]" 2 58, 2 58 0, S_000001ea54d825e0;
 .timescale 0 0;
P_000001ea54dd5280 .param/l "idx" 0 2 58, +C4<0110101>;
v000001ea54e3b710_53 .array/port v000001ea54e3b710, 53;
L_000001ea55670690 .functor BUFZ 32, v000001ea54e3b710_53, C4<00000000000000000000000000000000>, C4<00000000000000000000000000000000>, C4<00000000000000000000000000000000>;
v000001ea54e3ccf0_0 .net "tmp", 31 0, L_000001ea55670690;  1 drivers
S_000001ea54e3d360 .scope generate, "register[54]" "register[54]" 2 58, 2 58 0, S_000001ea54d825e0;
 .timescale 0 0;
P_000001ea54dd5700 .param/l "idx" 0 2 58, +C4<0110110>;
v000001ea54e3b710_54 .array/port v000001ea54e3b710, 54;
L_000001ea55670cb0 .functor BUFZ 32, v000001ea54e3b710_54, C4<00000000000000000000000000000000>, C4<00000000000000000000000000000000>, C4<00000000000000000000000000000000>;
v000001ea54e3cc50_0 .net "tmp", 31 0, L_000001ea55670cb0;  1 drivers
S_000001ea54e3dfe0 .scope generate, "register[55]" "register[55]" 2 58, 2 58 0, S_000001ea54d825e0;
 .timescale 0 0;
P_000001ea54dd5100 .param/l "idx" 0 2 58, +C4<0110111>;
v000001ea54e3b710_55 .array/port v000001ea54e3b710, 55;
L_000001ea55670a10 .functor BUFZ 32, v000001ea54e3b710_55, C4<00000000000000000000000000000000>, C4<00000000000000000000000000000000>, C4<00000000000000000000000000000000>;
v000001ea54e3b030_0 .net "tmp", 31 0, L_000001ea55670a10;  1 drivers
S_000001ea54e3d4f0 .scope generate, "register[56]" "register[56]" 2 58, 2 58 0, S_000001ea54d825e0;
 .timescale 0 0;
P_000001ea54dd5340 .param/l "idx" 0 2 58, +C4<0111000>;
v000001ea54e3b710_56 .array/port v000001ea54e3b710, 56;
L_000001ea55670d90 .functor BUFZ 32, v000001ea54e3b710_56, C4<00000000000000000000000000000000>, C4<00000000000000000000000000000000>, C4<00000000000000000000000000000000>;
v000001ea54e3b5d0_0 .net "tmp", 31 0, L_000001ea55670d90;  1 drivers
S_000001ea54e3d680 .scope generate, "register[57]" "register[57]" 2 58, 2 58 0, S_000001ea54d825e0;
 .timescale 0 0;
P_000001ea54dd5840 .param/l "idx" 0 2 58, +C4<0111001>;
v000001ea54e3b710_57 .array/port v000001ea54e3b710, 57;
L_000001ea556708c0 .functor BUFZ 32, v000001ea54e3b710_57, C4<00000000000000000000000000000000>, C4<00000000000000000000000000000000>, C4<00000000000000000000000000000000>;
v000001ea54e3cd90_0 .net "tmp", 31 0, L_000001ea556708c0;  1 drivers
S_000001ea54e3e300 .scope generate, "register[58]" "register[58]" 2 58, 2 58 0, S_000001ea54d825e0;
 .timescale 0 0;
P_000001ea54dd5200 .param/l "idx" 0 2 58, +C4<0111010>;
v000001ea54e3b710_58 .array/port v000001ea54e3b710, 58;
L_000001ea556700e0 .functor BUFZ 32, v000001ea54e3b710_58, C4<00000000000000000000000000000000>, C4<00000000000000000000000000000000>, C4<00000000000000000000000000000000>;
v000001ea54e3c110_0 .net "tmp", 31 0, L_000001ea556700e0;  1 drivers
S_000001ea54e3de50 .scope generate, "register[59]" "register[59]" 2 58, 2 58 0, S_000001ea54d825e0;
 .timescale 0 0;
P_000001ea54dd4f40 .param/l "idx" 0 2 58, +C4<0111011>;
v000001ea54e3b710_59 .array/port v000001ea54e3b710, 59;
L_000001ea55670150 .functor BUFZ 32, v000001ea54e3b710_59, C4<00000000000000000000000000000000>, C4<00000000000000000000000000000000>, C4<00000000000000000000000000000000>;
v000001ea54e3b0d0_0 .net "tmp", 31 0, L_000001ea55670150;  1 drivers
S_000001ea54e3e620 .scope generate, "register[60]" "register[60]" 2 58, 2 58 0, S_000001ea54d825e0;
 .timescale 0 0;
P_000001ea54dd5640 .param/l "idx" 0 2 58, +C4<0111100>;
v000001ea54e3b710_60 .array/port v000001ea54e3b710, 60;
L_000001ea55670310 .functor BUFZ 32, v000001ea54e3b710_60, C4<00000000000000000000000000000000>, C4<00000000000000000000000000000000>, C4<00000000000000000000000000000000>;
v000001ea54e3bcb0_0 .net "tmp", 31 0, L_000001ea55670310;  1 drivers
S_000001ea54e3e7b0 .scope generate, "register[61]" "register[61]" 2 58, 2 58 0, S_000001ea54d825e0;
 .timescale 0 0;
P_000001ea54dd5140 .param/l "idx" 0 2 58, +C4<0111101>;
v000001ea54e3b710_61 .array/port v000001ea54e3b710, 61;
L_000001ea55670380 .functor BUFZ 32, v000001ea54e3b710_61, C4<00000000000000000000000000000000>, C4<00000000000000000000000000000000>, C4<00000000000000000000000000000000>;
v000001ea54e3c570_0 .net "tmp", 31 0, L_000001ea55670380;  1 drivers
S_000001ea54e3edf0 .scope generate, "register[62]" "register[62]" 2 58, 2 58 0, S_000001ea54d825e0;
 .timescale 0 0;
P_000001ea54dd5680 .param/l "idx" 0 2 58, +C4<0111110>;
v000001ea54e3b710_62 .array/port v000001ea54e3b710, 62;
L_000001ea55670770 .functor BUFZ 32, v000001ea54e3b710_62, C4<00000000000000000000000000000000>, C4<00000000000000000000000000000000>, C4<00000000000000000000000000000000>;
v000001ea54e3b170_0 .net "tmp", 31 0, L_000001ea55670770;  1 drivers
S_000001ea54e3d810 .scope generate, "register[63]" "register[63]" 2 58, 2 58 0, S_000001ea54d825e0;
 .timescale 0 0;
P_000001ea54dd4d00 .param/l "idx" 0 2 58, +C4<0111111>;
v000001ea54e3b710_63 .array/port v000001ea54e3b710, 63;
L_000001ea55670850 .functor BUFZ 32, v000001ea54e3b710_63, C4<00000000000000000000000000000000>, C4<00000000000000000000000000000000>, C4<00000000000000000000000000000000>;
v000001ea54e3ced0_0 .net "tmp", 31 0, L_000001ea55670850;  1 drivers
    .scope S_000001ea54d825e0;
T_0 ;
    %wait E_000001ea54ddd3e0;
    %load/vec4 v000001ea54e3c890_0;
    %flag_set/vec4 8;
    %jmp/0xz  T_0.0, 8;
    %load/vec4 v000001ea54e3bd50_0;
    %load/vec4 v000001ea54e3c750_0;
    %pad/u 18;
    %ix/vec4 3;
    %ix/load 4, 0, 0; Constant delay
    %assign/vec4/a/d v000001ea54e3b710, 0, 4;
T_0.0 ;
    %jmp T_0;
    .thread T_0;
    .scope S_000001ea54d825e0;
T_1 ;
    %pushi/vec4 0, 0, 32;
    %ix/load 4, 0, 0;
    %flag_set/imm 4, 0;
    %store/vec4a v000001ea54e3b710, 4, 0;
    %pushi/vec4 0, 0, 32;
    %ix/load 4, 1, 0;
    %flag_set/imm 4, 0;
    %store/vec4a v000001ea54e3b710, 4, 0;
    %pushi/vec4 0, 0, 32;
    %ix/load 4, 2, 0;
    %flag_set/imm 4, 0;
    %store/vec4a v000001ea54e3b710, 4, 0;
    %pushi/vec4 0, 0, 32;
    %ix/load 4, 3, 0;
    %flag_set/imm 4, 0;
    %store/vec4a v000001ea54e3b710, 4, 0;
    %pushi/vec4 0, 0, 32;
    %ix/load 4, 4, 0;
    %flag_set/imm 4, 0;
    %store/vec4a v000001ea54e3b710, 4, 0;
    %pushi/vec4 4160749568, 0, 32;
    %ix/load 4, 5, 0;
    %flag_set/imm 4, 0;
    %store/vec4a v000001ea54e3b710, 4, 0;
    %end;
    .thread T_1;
# The file index is used to find the file name in the following table.
:file_names 3;
    "N/A";
    "<interactive>";
    ".\memoria.v";
